<div data-level="100"><h1 style="background: #CCCCCC;color: #ffffff;padding: 5px;" class="monolog-output">DEBUG</h1><table cellspacing="1" width="100%" class="monolog-output table"><tr style="padding: 4px;text-align: left;">
<th style="vertical-align: top;background: #ccc;color: #000" width="100">Message:</th>
<td style="padding: 4px;text-align: left;vertical-align: top;background: #eee;color: #000"><pre style="white-space: pre-wrap;">Gerando sessão para o usuário</pre></td>
</tr><tr style="padding: 4px;text-align: left;">
<th style="vertical-align: top;background: #ccc;color: #000" width="100">Time:</th>
<td style="padding: 4px;text-align: left;vertical-align: top;background: #eee;color: #000"><pre style="white-space: pre-wrap;">2021-11-29T00:49:18</pre></td>
</tr><tr style="padding: 4px;text-align: left;">
<th style="vertical-align: top;background: #ccc;color: #000" width="100">Channel:</th>
<td style="padding: 4px;text-align: left;vertical-align: top;background: #eee;color: #000"><pre style="white-space: pre-wrap;">security</pre></td>
</tr><tr style="padding: 4px;text-align: left;">
<th style="vertical-align: top;background: #ccc;color: #000" width="100">Context:</th>
<td style="padding: 4px;text-align: left;vertical-align: top;background: #eee;color: #000"><table cellspacing="1" width="100%" class="table"><tr style="padding: 4px;text-align: left;">
<th style="vertical-align: top;background: #ccc;color: #000" width="100">e-mail:</th>
<td style="padding: 4px;text-align: left;vertical-align: top;background: #eee;color: #000"><pre style="white-space: pre-wrap;">hff_@msn.com</pre></td>
</tr><tr style="padding: 4px;text-align: left;">
<th style="vertical-align: top;background: #ccc;color: #000" width="100">token:</th>
<td style="padding: 4px;text-align: left;vertical-align: top;background: #eee;color: #000"><pre style="white-space: pre-wrap;">2b076bf0-089a-45b6-89bd-72d0c73e73b771b1a18f421ead66a7368a30316673a7e079-831d-4c83-99d4-c9c2db20f2c3</pre></td>
</tr></table></td>
</tr></table></div><div data-level="100"><h1 style="background: #CCCCCC;color: #ffffff;padding: 5px;" class="monolog-output">DEBUG</h1><table cellspacing="1" width="100%" class="monolog-output table"><tr style="padding: 4px;text-align: left;">
<th style="vertical-align: top;background: #ccc;color: #000" width="100">Message:</th>
<td style="padding: 4px;text-align: left;vertical-align: top;background: #eee;color: #000"><pre style="white-space: pre-wrap;">Token gerado</pre></td>
</tr><tr style="padding: 4px;text-align: left;">
<th style="vertical-align: top;background: #ccc;color: #000" width="100">Time:</th>
<td style="padding: 4px;text-align: left;vertical-align: top;background: #eee;color: #000"><pre style="white-space: pre-wrap;">2021-11-29T00:49:18</pre></td>
</tr><tr style="padding: 4px;text-align: left;">
<th style="vertical-align: top;background: #ccc;color: #000" width="100">Channel:</th>
<td style="padding: 4px;text-align: left;vertical-align: top;background: #eee;color: #000"><pre style="white-space: pre-wrap;">security</pre></td>
</tr><tr style="padding: 4px;text-align: left;">
<th style="vertical-align: top;background: #ccc;color: #000" width="100">Context:</th>
<td style="padding: 4px;text-align: left;vertical-align: top;background: #eee;color: #000"><table cellspacing="1" width="100%" class="table"><tr style="padding: 4px;text-align: left;">
<th style="vertical-align: top;background: #ccc;color: #000" width="100">e-mail:</th>
<td style="padding: 4px;text-align: left;vertical-align: top;background: #eee;color: #000"><pre style="white-space: pre-wrap;">hff_@msn.com</pre></td>
</tr><tr style="padding: 4px;text-align: left;">
<th style="vertical-align: top;background: #ccc;color: #000" width="100">token:</th>
<td style="padding: 4px;text-align: left;vertical-align: top;background: #eee;color: #000"><pre style="white-space: pre-wrap;">2b076bf0-089a-45b6-89bd-72d0c73e73b771b1a18f421ead66a7368a30316673a7e079-831d-4c83-99d4-c9c2db20f2c3</pre></td>
</tr><tr style="padding: 4px;text-align: left;">
<th style="vertical-align: top;background: #ccc;color: #000" width="100">session:</th>
<td style="padding: 4px;text-align: left;vertical-align: top;background: #eee;color: #000"><pre style="white-space: pre-wrap;">cc356e5a8b84434d854de86a007bb0cc</pre></td>
</tr></table></td>
</tr></table></div><div data-level="100"><h1 style="background: #CCCCCC;color: #ffffff;padding: 5px;" class="monolog-output">DEBUG</h1><table cellspacing="1" width="100%" class="monolog-output table"><tr style="padding: 4px;text-align: left;">
<th style="vertical-align: top;background: #ccc;color: #000" width="100">Message:</th>
<td style="padding: 4px;text-align: left;vertical-align: top;background: #eee;color: #000"><pre style="white-space: pre-wrap;">Gerando sessão para o usuário</pre></td>
</tr><tr style="padding: 4px;text-align: left;">
<th style="vertical-align: top;background: #ccc;color: #000" width="100">Time:</th>
<td style="padding: 4px;text-align: left;vertical-align: top;background: #eee;color: #000"><pre style="white-space: pre-wrap;">2021-11-29T00:50:58</pre></td>
</tr><tr style="padding: 4px;text-align: left;">
<th style="vertical-align: top;background: #ccc;color: #000" width="100">Channel:</th>
<td style="padding: 4px;text-align: left;vertical-align: top;background: #eee;color: #000"><pre style="white-space: pre-wrap;">security</pre></td>
</tr><tr style="padding: 4px;text-align: left;">
<th style="vertical-align: top;background: #ccc;color: #000" width="100">Context:</th>
<td style="padding: 4px;text-align: left;vertical-align: top;background: #eee;color: #000"><table cellspacing="1" width="100%" class="table"><tr style="padding: 4px;text-align: left;">
<th style="vertical-align: top;background: #ccc;color: #000" width="100">e-mail:</th>
<td style="padding: 4px;text-align: left;vertical-align: top;background: #eee;color: #000"><pre style="white-space: pre-wrap;">hff_@msn.com</pre></td>
</tr><tr style="padding: 4px;text-align: left;">
<th style="vertical-align: top;background: #ccc;color: #000" width="100">token:</th>
<td style="padding: 4px;text-align: left;vertical-align: top;background: #eee;color: #000"><pre style="white-space: pre-wrap;">2b076bf0-089a-45b6-89bd-72d0c73e73b771b1a18f421ead66a7368a30316673a7e079-831d-4c83-99d4-c9c2db20f2c3</pre></td>
</tr></table></td>
</tr></table></div><div data-level="100"><h1 style="background: #CCCCCC;color: #ffffff;padding: 5px;" class="monolog-output">DEBUG</h1><table cellspacing="1" width="100%" class="monolog-output table"><tr style="padding: 4px;text-align: left;">
<th style="vertical-align: top;background: #ccc;color: #000" width="100">Message:</th>
<td style="padding: 4px;text-align: left;vertical-align: top;background: #eee;color: #000"><pre style="white-space: pre-wrap;">Token gerado</pre></td>
</tr><tr style="padding: 4px;text-align: left;">
<th style="vertical-align: top;background: #ccc;color: #000" width="100">Time:</th>
<td style="padding: 4px;text-align: left;vertical-align: top;background: #eee;color: #000"><pre style="white-space: pre-wrap;">2021-11-29T00:50:58</pre></td>
</tr><tr style="padding: 4px;text-align: left;">
<th style="vertical-align: top;background: #ccc;color: #000" width="100">Channel:</th>
<td style="padding: 4px;text-align: left;vertical-align: top;background: #eee;color: #000"><pre style="white-space: pre-wrap;">security</pre></td>
</tr><tr style="padding: 4px;text-align: left;">
<th style="vertical-align: top;background: #ccc;color: #000" width="100">Context:</th>
<td style="padding: 4px;text-align: left;vertical-align: top;background: #eee;color: #000"><table cellspacing="1" width="100%" class="table"><tr style="padding: 4px;text-align: left;">
<th style="vertical-align: top;background: #ccc;color: #000" width="100">e-mail:</th>
<td style="padding: 4px;text-align: left;vertical-align: top;background: #eee;color: #000"><pre style="white-space: pre-wrap;">hff_@msn.com</pre></td>
</tr><tr style="padding: 4px;text-align: left;">
<th style="vertical-align: top;background: #ccc;color: #000" width="100">token:</th>
<td style="padding: 4px;text-align: left;vertical-align: top;background: #eee;color: #000"><pre style="white-space: pre-wrap;">2b076bf0-089a-45b6-89bd-72d0c73e73b771b1a18f421ead66a7368a30316673a7e079-831d-4c83-99d4-c9c2db20f2c3</pre></td>
</tr><tr style="padding: 4px;text-align: left;">
<th style="vertical-align: top;background: #ccc;color: #000" width="100">session:</th>
<td style="padding: 4px;text-align: left;vertical-align: top;background: #eee;color: #000"><pre style="white-space: pre-wrap;">7451a8fcbdb64d19a98f32cda6046809</pre></td>
</tr></table></td>
</tr></table></div><div data-level="100"><h1 style="background: #CCCCCC;color: #ffffff;padding: 5px;" class="monolog-output">DEBUG</h1><table cellspacing="1" width="100%" class="monolog-output table"><tr style="padding: 4px;text-align: left;">
<th style="vertical-align: top;background: #ccc;color: #000" width="100">Message:</th>
<td style="padding: 4px;text-align: left;vertical-align: top;background: #eee;color: #000"><pre style="white-space: pre-wrap;">Gerando sessão para o usuário</pre></td>
</tr><tr style="padding: 4px;text-align: left;">
<th style="vertical-align: top;background: #ccc;color: #000" width="100">Time:</th>
<td style="padding: 4px;text-align: left;vertical-align: top;background: #eee;color: #000"><pre style="white-space: pre-wrap;">2021-11-29T01:56:15</pre></td>
</tr><tr style="padding: 4px;text-align: left;">
<th style="vertical-align: top;background: #ccc;color: #000" width="100">Channel:</th>
<td style="padding: 4px;text-align: left;vertical-align: top;background: #eee;color: #000"><pre style="white-space: pre-wrap;">security</pre></td>
</tr><tr style="padding: 4px;text-align: left;">
<th style="vertical-align: top;background: #ccc;color: #000" width="100">Context:</th>
<td style="padding: 4px;text-align: left;vertical-align: top;background: #eee;color: #000"><table cellspacing="1" width="100%" class="table"><tr style="padding: 4px;text-align: left;">
<th style="vertical-align: top;background: #ccc;color: #000" width="100">e-mail:</th>
<td style="padding: 4px;text-align: left;vertical-align: top;background: #eee;color: #000"><pre style="white-space: pre-wrap;">hff_@msn.com</pre></td>
</tr><tr style="padding: 4px;text-align: left;">
<th style="vertical-align: top;background: #ccc;color: #000" width="100">token:</th>
<td style="padding: 4px;text-align: left;vertical-align: top;background: #eee;color: #000"><pre style="white-space: pre-wrap;">2b076bf0-089a-45b6-89bd-72d0c73e73b771b1a18f421ead66a7368a30316673a7e079-831d-4c83-99d4-c9c2db20f2c3</pre></td>
</tr></table></td>
</tr></table></div><div data-level="100"><h1 style="background: #CCCCCC;color: #ffffff;padding: 5px;" class="monolog-output">DEBUG</h1><table cellspacing="1" width="100%" class="monolog-output table"><tr style="padding: 4px;text-align: left;">
<th style="vertical-align: top;background: #ccc;color: #000" width="100">Message:</th>
<td style="padding: 4px;text-align: left;vertical-align: top;background: #eee;color: #000"><pre style="white-space: pre-wrap;">Token gerado</pre></td>
</tr><tr style="padding: 4px;text-align: left;">
<th style="vertical-align: top;background: #ccc;color: #000" width="100">Time:</th>
<td style="padding: 4px;text-align: left;vertical-align: top;background: #eee;color: #000"><pre style="white-space: pre-wrap;">2021-11-29T01:56:15</pre></td>
</tr><tr style="padding: 4px;text-align: left;">
<th style="vertical-align: top;background: #ccc;color: #000" width="100">Channel:</th>
<td style="padding: 4px;text-align: left;vertical-align: top;background: #eee;color: #000"><pre style="white-space: pre-wrap;">security</pre></td>
</tr><tr style="padding: 4px;text-align: left;">
<th style="vertical-align: top;background: #ccc;color: #000" width="100">Context:</th>
<td style="padding: 4px;text-align: left;vertical-align: top;background: #eee;color: #000"><table cellspacing="1" width="100%" class="table"><tr style="padding: 4px;text-align: left;">
<th style="vertical-align: top;background: #ccc;color: #000" width="100">e-mail:</th>
<td style="padding: 4px;text-align: left;vertical-align: top;background: #eee;color: #000"><pre style="white-space: pre-wrap;">hff_@msn.com</pre></td>
</tr><tr style="padding: 4px;text-align: left;">
<th style="vertical-align: top;background: #ccc;color: #000" width="100">token:</th>
<td style="padding: 4px;text-align: left;vertical-align: top;background: #eee;color: #000"><pre style="white-space: pre-wrap;">2b076bf0-089a-45b6-89bd-72d0c73e73b771b1a18f421ead66a7368a30316673a7e079-831d-4c83-99d4-c9c2db20f2c3</pre></td>
</tr><tr style="padding: 4px;text-align: left;">
<th style="vertical-align: top;background: #ccc;color: #000" width="100">session:</th>
<td style="padding: 4px;text-align: left;vertical-align: top;background: #eee;color: #000"><pre style="white-space: pre-wrap;">11cdc6a1ac744e7ba9b35a3f5edb0630</pre></td>
</tr></table></td>
</tr></table></div>