<div data-level="100"><h1 style="background: #CCCCCC;color: #ffffff;padding: 5px;" class="monolog-output">DEBUG</h1><table cellspacing="1" width="100%" class="monolog-output table"><tr style="padding: 4px;text-align: left;">
<th style="vertical-align: top;background: #ccc;color: #000" width="100">Message:</th>
<td style="padding: 4px;text-align: left;vertical-align: top;background: #eee;color: #000"><pre style="white-space: pre-wrap;">Gerando sessão para o usuário</pre></td>
</tr><tr style="padding: 4px;text-align: left;">
<th style="vertical-align: top;background: #ccc;color: #000" width="100">Time:</th>
<td style="padding: 4px;text-align: left;vertical-align: top;background: #eee;color: #000"><pre style="white-space: pre-wrap;">2021-12-04T13:22:54</pre></td>
</tr><tr style="padding: 4px;text-align: left;">
<th style="vertical-align: top;background: #ccc;color: #000" width="100">Channel:</th>
<td style="padding: 4px;text-align: left;vertical-align: top;background: #eee;color: #000"><pre style="white-space: pre-wrap;">security</pre></td>
</tr><tr style="padding: 4px;text-align: left;">
<th style="vertical-align: top;background: #ccc;color: #000" width="100">Context:</th>
<td style="padding: 4px;text-align: left;vertical-align: top;background: #eee;color: #000"><table cellspacing="1" width="100%" class="table"><tr style="padding: 4px;text-align: left;">
<th style="vertical-align: top;background: #ccc;color: #000" width="100">e-mail:</th>
<td style="padding: 4px;text-align: left;vertical-align: top;background: #eee;color: #000"><pre style="white-space: pre-wrap;">hff_@msn.com</pre></td>
</tr><tr style="padding: 4px;text-align: left;">
<th style="vertical-align: top;background: #ccc;color: #000" width="100">token:</th>
<td style="padding: 4px;text-align: left;vertical-align: top;background: #eee;color: #000"><pre style="white-space: pre-wrap;">2b076bf0-089a-45b6-89bd-72d0c73e73b771b1a18f421ead66a7368a30316673a7e079-831d-4c83-99d4-c9c2db20f2c3</pre></td>
</tr></table></td>
</tr></table></div><div data-level="600"><h1 style="background: #000000;color: #ffffff;padding: 5px;" class="monolog-output">EMERGENCY</h1><table cellspacing="1" width="100%" class="monolog-output table"><tr style="padding: 4px;text-align: left;">
<th style="vertical-align: top;background: #ccc;color: #000" width="100">Message:</th>
<td style="padding: 4px;text-align: left;vertical-align: top;background: #eee;color: #000"><pre style="white-space: pre-wrap;">Credenciais inválidas</pre></td>
</tr><tr style="padding: 4px;text-align: left;">
<th style="vertical-align: top;background: #ccc;color: #000" width="100">Time:</th>
<td style="padding: 4px;text-align: left;vertical-align: top;background: #eee;color: #000"><pre style="white-space: pre-wrap;">2021-12-04T13:22:54</pre></td>
</tr><tr style="padding: 4px;text-align: left;">
<th style="vertical-align: top;background: #ccc;color: #000" width="100">Channel:</th>
<td style="padding: 4px;text-align: left;vertical-align: top;background: #eee;color: #000"><pre style="white-space: pre-wrap;">security</pre></td>
</tr><tr style="padding: 4px;text-align: left;">
<th style="vertical-align: top;background: #ccc;color: #000" width="100">Context:</th>
<td style="padding: 4px;text-align: left;vertical-align: top;background: #eee;color: #000"><table cellspacing="1" width="100%" class="table"><tr style="padding: 4px;text-align: left;">
<th style="vertical-align: top;background: #ccc;color: #000" width="100">e-mail:</th>
<td style="padding: 4px;text-align: left;vertical-align: top;background: #eee;color: #000"><pre style="white-space: pre-wrap;">hff_@msn.com</pre></td>
</tr><tr style="padding: 4px;text-align: left;">
<th style="vertical-align: top;background: #ccc;color: #000" width="100">token:</th>
<td style="padding: 4px;text-align: left;vertical-align: top;background: #eee;color: #000"><pre style="white-space: pre-wrap;">2b076bf0-089a-45b6-89bd-72d0c73e73b771b1a18f421ead66a7368a30316673a7e079-831d-4c83-99d4-c9c2db20f2c3</pre></td>
</tr></table></td>
</tr></table></div><div data-level="100"><h1 style="background: #CCCCCC;color: #ffffff;padding: 5px;" class="monolog-output">DEBUG</h1><table cellspacing="1" width="100%" class="monolog-output table"><tr style="padding: 4px;text-align: left;">
<th style="vertical-align: top;background: #ccc;color: #000" width="100">Message:</th>
<td style="padding: 4px;text-align: left;vertical-align: top;background: #eee;color: #000"><pre style="white-space: pre-wrap;">Gerando sessão para o usuário</pre></td>
</tr><tr style="padding: 4px;text-align: left;">
<th style="vertical-align: top;background: #ccc;color: #000" width="100">Time:</th>
<td style="padding: 4px;text-align: left;vertical-align: top;background: #eee;color: #000"><pre style="white-space: pre-wrap;">2021-12-04T13:23:34</pre></td>
</tr><tr style="padding: 4px;text-align: left;">
<th style="vertical-align: top;background: #ccc;color: #000" width="100">Channel:</th>
<td style="padding: 4px;text-align: left;vertical-align: top;background: #eee;color: #000"><pre style="white-space: pre-wrap;">security</pre></td>
</tr><tr style="padding: 4px;text-align: left;">
<th style="vertical-align: top;background: #ccc;color: #000" width="100">Context:</th>
<td style="padding: 4px;text-align: left;vertical-align: top;background: #eee;color: #000"><table cellspacing="1" width="100%" class="table"><tr style="padding: 4px;text-align: left;">
<th style="vertical-align: top;background: #ccc;color: #000" width="100">e-mail:</th>
<td style="padding: 4px;text-align: left;vertical-align: top;background: #eee;color: #000"><pre style="white-space: pre-wrap;">hff_@msn.com</pre></td>
</tr><tr style="padding: 4px;text-align: left;">
<th style="vertical-align: top;background: #ccc;color: #000" width="100">token:</th>
<td style="padding: 4px;text-align: left;vertical-align: top;background: #eee;color: #000"><pre style="white-space: pre-wrap;">2b076bf0-089a-45b6-89bd-72d0c73e73b771b1a18f421ead66a7368a30316673a7e079-831d-4c83-99d4-c9c2db20f2c3</pre></td>
</tr></table></td>
</tr></table></div><div data-level="600"><h1 style="background: #000000;color: #ffffff;padding: 5px;" class="monolog-output">EMERGENCY</h1><table cellspacing="1" width="100%" class="monolog-output table"><tr style="padding: 4px;text-align: left;">
<th style="vertical-align: top;background: #ccc;color: #000" width="100">Message:</th>
<td style="padding: 4px;text-align: left;vertical-align: top;background: #eee;color: #000"><pre style="white-space: pre-wrap;">Credenciais inválidas</pre></td>
</tr><tr style="padding: 4px;text-align: left;">
<th style="vertical-align: top;background: #ccc;color: #000" width="100">Time:</th>
<td style="padding: 4px;text-align: left;vertical-align: top;background: #eee;color: #000"><pre style="white-space: pre-wrap;">2021-12-04T13:23:35</pre></td>
</tr><tr style="padding: 4px;text-align: left;">
<th style="vertical-align: top;background: #ccc;color: #000" width="100">Channel:</th>
<td style="padding: 4px;text-align: left;vertical-align: top;background: #eee;color: #000"><pre style="white-space: pre-wrap;">security</pre></td>
</tr><tr style="padding: 4px;text-align: left;">
<th style="vertical-align: top;background: #ccc;color: #000" width="100">Context:</th>
<td style="padding: 4px;text-align: left;vertical-align: top;background: #eee;color: #000"><table cellspacing="1" width="100%" class="table"><tr style="padding: 4px;text-align: left;">
<th style="vertical-align: top;background: #ccc;color: #000" width="100">e-mail:</th>
<td style="padding: 4px;text-align: left;vertical-align: top;background: #eee;color: #000"><pre style="white-space: pre-wrap;">hff_@msn.com</pre></td>
</tr><tr style="padding: 4px;text-align: left;">
<th style="vertical-align: top;background: #ccc;color: #000" width="100">token:</th>
<td style="padding: 4px;text-align: left;vertical-align: top;background: #eee;color: #000"><pre style="white-space: pre-wrap;">2b076bf0-089a-45b6-89bd-72d0c73e73b771b1a18f421ead66a7368a30316673a7e079-831d-4c83-99d4-c9c2db20f2c3</pre></td>
</tr></table></td>
</tr></table></div><div data-level="100"><h1 style="background: #CCCCCC;color: #ffffff;padding: 5px;" class="monolog-output">DEBUG</h1><table cellspacing="1" width="100%" class="monolog-output table"><tr style="padding: 4px;text-align: left;">
<th style="vertical-align: top;background: #ccc;color: #000" width="100">Message:</th>
<td style="padding: 4px;text-align: left;vertical-align: top;background: #eee;color: #000"><pre style="white-space: pre-wrap;">Gerando sessão para o usuário</pre></td>
</tr><tr style="padding: 4px;text-align: left;">
<th style="vertical-align: top;background: #ccc;color: #000" width="100">Time:</th>
<td style="padding: 4px;text-align: left;vertical-align: top;background: #eee;color: #000"><pre style="white-space: pre-wrap;">2021-12-04T13:24:12</pre></td>
</tr><tr style="padding: 4px;text-align: left;">
<th style="vertical-align: top;background: #ccc;color: #000" width="100">Channel:</th>
<td style="padding: 4px;text-align: left;vertical-align: top;background: #eee;color: #000"><pre style="white-space: pre-wrap;">security</pre></td>
</tr><tr style="padding: 4px;text-align: left;">
<th style="vertical-align: top;background: #ccc;color: #000" width="100">Context:</th>
<td style="padding: 4px;text-align: left;vertical-align: top;background: #eee;color: #000"><table cellspacing="1" width="100%" class="table"><tr style="padding: 4px;text-align: left;">
<th style="vertical-align: top;background: #ccc;color: #000" width="100">e-mail:</th>
<td style="padding: 4px;text-align: left;vertical-align: top;background: #eee;color: #000"><pre style="white-space: pre-wrap;">hff_@msn.com</pre></td>
</tr><tr style="padding: 4px;text-align: left;">
<th style="vertical-align: top;background: #ccc;color: #000" width="100">token:</th>
<td style="padding: 4px;text-align: left;vertical-align: top;background: #eee;color: #000"><pre style="white-space: pre-wrap;">2b076bf0-089a-45b6-89bd-72d0c73e73b771b1a18f421ead66a7368a30316673a7e079-831d-4c83-99d4-c9c2db20f2c3</pre></td>
</tr></table></td>
</tr></table></div><div data-level="600"><h1 style="background: #000000;color: #ffffff;padding: 5px;" class="monolog-output">EMERGENCY</h1><table cellspacing="1" width="100%" class="monolog-output table"><tr style="padding: 4px;text-align: left;">
<th style="vertical-align: top;background: #ccc;color: #000" width="100">Message:</th>
<td style="padding: 4px;text-align: left;vertical-align: top;background: #eee;color: #000"><pre style="white-space: pre-wrap;">Credenciais inválidas</pre></td>
</tr><tr style="padding: 4px;text-align: left;">
<th style="vertical-align: top;background: #ccc;color: #000" width="100">Time:</th>
<td style="padding: 4px;text-align: left;vertical-align: top;background: #eee;color: #000"><pre style="white-space: pre-wrap;">2021-12-04T13:24:12</pre></td>
</tr><tr style="padding: 4px;text-align: left;">
<th style="vertical-align: top;background: #ccc;color: #000" width="100">Channel:</th>
<td style="padding: 4px;text-align: left;vertical-align: top;background: #eee;color: #000"><pre style="white-space: pre-wrap;">security</pre></td>
</tr><tr style="padding: 4px;text-align: left;">
<th style="vertical-align: top;background: #ccc;color: #000" width="100">Context:</th>
<td style="padding: 4px;text-align: left;vertical-align: top;background: #eee;color: #000"><table cellspacing="1" width="100%" class="table"><tr style="padding: 4px;text-align: left;">
<th style="vertical-align: top;background: #ccc;color: #000" width="100">e-mail:</th>
<td style="padding: 4px;text-align: left;vertical-align: top;background: #eee;color: #000"><pre style="white-space: pre-wrap;">hff_@msn.com</pre></td>
</tr><tr style="padding: 4px;text-align: left;">
<th style="vertical-align: top;background: #ccc;color: #000" width="100">token:</th>
<td style="padding: 4px;text-align: left;vertical-align: top;background: #eee;color: #000"><pre style="white-space: pre-wrap;">2b076bf0-089a-45b6-89bd-72d0c73e73b771b1a18f421ead66a7368a30316673a7e079-831d-4c83-99d4-c9c2db20f2c3</pre></td>
</tr></table></td>
</tr></table></div><div data-level="100"><h1 style="background: #CCCCCC;color: #ffffff;padding: 5px;" class="monolog-output">DEBUG</h1><table cellspacing="1" width="100%" class="monolog-output table"><tr style="padding: 4px;text-align: left;">
<th style="vertical-align: top;background: #ccc;color: #000" width="100">Message:</th>
<td style="padding: 4px;text-align: left;vertical-align: top;background: #eee;color: #000"><pre style="white-space: pre-wrap;">Gerando sessão para o usuário</pre></td>
</tr><tr style="padding: 4px;text-align: left;">
<th style="vertical-align: top;background: #ccc;color: #000" width="100">Time:</th>
<td style="padding: 4px;text-align: left;vertical-align: top;background: #eee;color: #000"><pre style="white-space: pre-wrap;">2021-12-04T13:27:06</pre></td>
</tr><tr style="padding: 4px;text-align: left;">
<th style="vertical-align: top;background: #ccc;color: #000" width="100">Channel:</th>
<td style="padding: 4px;text-align: left;vertical-align: top;background: #eee;color: #000"><pre style="white-space: pre-wrap;">security</pre></td>
</tr><tr style="padding: 4px;text-align: left;">
<th style="vertical-align: top;background: #ccc;color: #000" width="100">Context:</th>
<td style="padding: 4px;text-align: left;vertical-align: top;background: #eee;color: #000"><table cellspacing="1" width="100%" class="table"><tr style="padding: 4px;text-align: left;">
<th style="vertical-align: top;background: #ccc;color: #000" width="100">e-mail:</th>
<td style="padding: 4px;text-align: left;vertical-align: top;background: #eee;color: #000"><pre style="white-space: pre-wrap;">hff_@msn.com</pre></td>
</tr><tr style="padding: 4px;text-align: left;">
<th style="vertical-align: top;background: #ccc;color: #000" width="100">token:</th>
<td style="padding: 4px;text-align: left;vertical-align: top;background: #eee;color: #000"><pre style="white-space: pre-wrap;">2b076bf0-089a-45b6-89bd-72d0c73e73b771b1a18f421ead66a7368a30316673a7e079-831d-4c83-99d4-c9c2db20f2c3</pre></td>
</tr></table></td>
</tr></table></div><div data-level="600"><h1 style="background: #000000;color: #ffffff;padding: 5px;" class="monolog-output">EMERGENCY</h1><table cellspacing="1" width="100%" class="monolog-output table"><tr style="padding: 4px;text-align: left;">
<th style="vertical-align: top;background: #ccc;color: #000" width="100">Message:</th>
<td style="padding: 4px;text-align: left;vertical-align: top;background: #eee;color: #000"><pre style="white-space: pre-wrap;">Credenciais inválidas</pre></td>
</tr><tr style="padding: 4px;text-align: left;">
<th style="vertical-align: top;background: #ccc;color: #000" width="100">Time:</th>
<td style="padding: 4px;text-align: left;vertical-align: top;background: #eee;color: #000"><pre style="white-space: pre-wrap;">2021-12-04T13:27:07</pre></td>
</tr><tr style="padding: 4px;text-align: left;">
<th style="vertical-align: top;background: #ccc;color: #000" width="100">Channel:</th>
<td style="padding: 4px;text-align: left;vertical-align: top;background: #eee;color: #000"><pre style="white-space: pre-wrap;">security</pre></td>
</tr><tr style="padding: 4px;text-align: left;">
<th style="vertical-align: top;background: #ccc;color: #000" width="100">Context:</th>
<td style="padding: 4px;text-align: left;vertical-align: top;background: #eee;color: #000"><table cellspacing="1" width="100%" class="table"><tr style="padding: 4px;text-align: left;">
<th style="vertical-align: top;background: #ccc;color: #000" width="100">e-mail:</th>
<td style="padding: 4px;text-align: left;vertical-align: top;background: #eee;color: #000"><pre style="white-space: pre-wrap;">hff_@msn.com</pre></td>
</tr><tr style="padding: 4px;text-align: left;">
<th style="vertical-align: top;background: #ccc;color: #000" width="100">token:</th>
<td style="padding: 4px;text-align: left;vertical-align: top;background: #eee;color: #000"><pre style="white-space: pre-wrap;">2b076bf0-089a-45b6-89bd-72d0c73e73b771b1a18f421ead66a7368a30316673a7e079-831d-4c83-99d4-c9c2db20f2c3</pre></td>
</tr></table></td>
</tr></table></div><div data-level="100"><h1 style="background: #CCCCCC;color: #ffffff;padding: 5px;" class="monolog-output">DEBUG</h1><table cellspacing="1" width="100%" class="monolog-output table"><tr style="padding: 4px;text-align: left;">
<th style="vertical-align: top;background: #ccc;color: #000" width="100">Message:</th>
<td style="padding: 4px;text-align: left;vertical-align: top;background: #eee;color: #000"><pre style="white-space: pre-wrap;">Gerando sessão para o usuário</pre></td>
</tr><tr style="padding: 4px;text-align: left;">
<th style="vertical-align: top;background: #ccc;color: #000" width="100">Time:</th>
<td style="padding: 4px;text-align: left;vertical-align: top;background: #eee;color: #000"><pre style="white-space: pre-wrap;">2021-12-04T13:27:11</pre></td>
</tr><tr style="padding: 4px;text-align: left;">
<th style="vertical-align: top;background: #ccc;color: #000" width="100">Channel:</th>
<td style="padding: 4px;text-align: left;vertical-align: top;background: #eee;color: #000"><pre style="white-space: pre-wrap;">security</pre></td>
</tr><tr style="padding: 4px;text-align: left;">
<th style="vertical-align: top;background: #ccc;color: #000" width="100">Context:</th>
<td style="padding: 4px;text-align: left;vertical-align: top;background: #eee;color: #000"><table cellspacing="1" width="100%" class="table"><tr style="padding: 4px;text-align: left;">
<th style="vertical-align: top;background: #ccc;color: #000" width="100">e-mail:</th>
<td style="padding: 4px;text-align: left;vertical-align: top;background: #eee;color: #000"><pre style="white-space: pre-wrap;">hff_@msn.com</pre></td>
</tr><tr style="padding: 4px;text-align: left;">
<th style="vertical-align: top;background: #ccc;color: #000" width="100">token:</th>
<td style="padding: 4px;text-align: left;vertical-align: top;background: #eee;color: #000"><pre style="white-space: pre-wrap;">2b076bf0-089a-45b6-89bd-72d0c73e73b771b1a18f421ead66a7368a30316673a7e079-831d-4c83-99d4-c9c2db20f2c3</pre></td>
</tr></table></td>
</tr></table></div><div data-level="600"><h1 style="background: #000000;color: #ffffff;padding: 5px;" class="monolog-output">EMERGENCY</h1><table cellspacing="1" width="100%" class="monolog-output table"><tr style="padding: 4px;text-align: left;">
<th style="vertical-align: top;background: #ccc;color: #000" width="100">Message:</th>
<td style="padding: 4px;text-align: left;vertical-align: top;background: #eee;color: #000"><pre style="white-space: pre-wrap;">Credenciais inválidas</pre></td>
</tr><tr style="padding: 4px;text-align: left;">
<th style="vertical-align: top;background: #ccc;color: #000" width="100">Time:</th>
<td style="padding: 4px;text-align: left;vertical-align: top;background: #eee;color: #000"><pre style="white-space: pre-wrap;">2021-12-04T13:27:11</pre></td>
</tr><tr style="padding: 4px;text-align: left;">
<th style="vertical-align: top;background: #ccc;color: #000" width="100">Channel:</th>
<td style="padding: 4px;text-align: left;vertical-align: top;background: #eee;color: #000"><pre style="white-space: pre-wrap;">security</pre></td>
</tr><tr style="padding: 4px;text-align: left;">
<th style="vertical-align: top;background: #ccc;color: #000" width="100">Context:</th>
<td style="padding: 4px;text-align: left;vertical-align: top;background: #eee;color: #000"><table cellspacing="1" width="100%" class="table"><tr style="padding: 4px;text-align: left;">
<th style="vertical-align: top;background: #ccc;color: #000" width="100">e-mail:</th>
<td style="padding: 4px;text-align: left;vertical-align: top;background: #eee;color: #000"><pre style="white-space: pre-wrap;">hff_@msn.com</pre></td>
</tr><tr style="padding: 4px;text-align: left;">
<th style="vertical-align: top;background: #ccc;color: #000" width="100">token:</th>
<td style="padding: 4px;text-align: left;vertical-align: top;background: #eee;color: #000"><pre style="white-space: pre-wrap;">2b076bf0-089a-45b6-89bd-72d0c73e73b771b1a18f421ead66a7368a30316673a7e079-831d-4c83-99d4-c9c2db20f2c3</pre></td>
</tr></table></td>
</tr></table></div><div data-level="100"><h1 style="background: #CCCCCC;color: #ffffff;padding: 5px;" class="monolog-output">DEBUG</h1><table cellspacing="1" width="100%" class="monolog-output table"><tr style="padding: 4px;text-align: left;">
<th style="vertical-align: top;background: #ccc;color: #000" width="100">Message:</th>
<td style="padding: 4px;text-align: left;vertical-align: top;background: #eee;color: #000"><pre style="white-space: pre-wrap;">Gerando sessão para o usuário</pre></td>
</tr><tr style="padding: 4px;text-align: left;">
<th style="vertical-align: top;background: #ccc;color: #000" width="100">Time:</th>
<td style="padding: 4px;text-align: left;vertical-align: top;background: #eee;color: #000"><pre style="white-space: pre-wrap;">2021-12-04T13:27:58</pre></td>
</tr><tr style="padding: 4px;text-align: left;">
<th style="vertical-align: top;background: #ccc;color: #000" width="100">Channel:</th>
<td style="padding: 4px;text-align: left;vertical-align: top;background: #eee;color: #000"><pre style="white-space: pre-wrap;">security</pre></td>
</tr><tr style="padding: 4px;text-align: left;">
<th style="vertical-align: top;background: #ccc;color: #000" width="100">Context:</th>
<td style="padding: 4px;text-align: left;vertical-align: top;background: #eee;color: #000"><table cellspacing="1" width="100%" class="table"><tr style="padding: 4px;text-align: left;">
<th style="vertical-align: top;background: #ccc;color: #000" width="100">e-mail:</th>
<td style="padding: 4px;text-align: left;vertical-align: top;background: #eee;color: #000"><pre style="white-space: pre-wrap;">hff_@msn.com</pre></td>
</tr><tr style="padding: 4px;text-align: left;">
<th style="vertical-align: top;background: #ccc;color: #000" width="100">token:</th>
<td style="padding: 4px;text-align: left;vertical-align: top;background: #eee;color: #000"><pre style="white-space: pre-wrap;">2b076bf0-089a-45b6-89bd-72d0c73e73b771b1a18f421ead66a7368a30316673a7e079-831d-4c83-99d4-c9c2db20f2c3</pre></td>
</tr></table></td>
</tr></table></div><div data-level="600"><h1 style="background: #000000;color: #ffffff;padding: 5px;" class="monolog-output">EMERGENCY</h1><table cellspacing="1" width="100%" class="monolog-output table"><tr style="padding: 4px;text-align: left;">
<th style="vertical-align: top;background: #ccc;color: #000" width="100">Message:</th>
<td style="padding: 4px;text-align: left;vertical-align: top;background: #eee;color: #000"><pre style="white-space: pre-wrap;">Credenciais inválidas</pre></td>
</tr><tr style="padding: 4px;text-align: left;">
<th style="vertical-align: top;background: #ccc;color: #000" width="100">Time:</th>
<td style="padding: 4px;text-align: left;vertical-align: top;background: #eee;color: #000"><pre style="white-space: pre-wrap;">2021-12-04T13:27:59</pre></td>
</tr><tr style="padding: 4px;text-align: left;">
<th style="vertical-align: top;background: #ccc;color: #000" width="100">Channel:</th>
<td style="padding: 4px;text-align: left;vertical-align: top;background: #eee;color: #000"><pre style="white-space: pre-wrap;">security</pre></td>
</tr><tr style="padding: 4px;text-align: left;">
<th style="vertical-align: top;background: #ccc;color: #000" width="100">Context:</th>
<td style="padding: 4px;text-align: left;vertical-align: top;background: #eee;color: #000"><table cellspacing="1" width="100%" class="table"><tr style="padding: 4px;text-align: left;">
<th style="vertical-align: top;background: #ccc;color: #000" width="100">e-mail:</th>
<td style="padding: 4px;text-align: left;vertical-align: top;background: #eee;color: #000"><pre style="white-space: pre-wrap;">hff_@msn.com</pre></td>
</tr><tr style="padding: 4px;text-align: left;">
<th style="vertical-align: top;background: #ccc;color: #000" width="100">token:</th>
<td style="padding: 4px;text-align: left;vertical-align: top;background: #eee;color: #000"><pre style="white-space: pre-wrap;">2b076bf0-089a-45b6-89bd-72d0c73e73b771b1a18f421ead66a7368a30316673a7e079-831d-4c83-99d4-c9c2db20f2c3</pre></td>
</tr></table></td>
</tr></table></div><div data-level="100"><h1 style="background: #CCCCCC;color: #ffffff;padding: 5px;" class="monolog-output">DEBUG</h1><table cellspacing="1" width="100%" class="monolog-output table"><tr style="padding: 4px;text-align: left;">
<th style="vertical-align: top;background: #ccc;color: #000" width="100">Message:</th>
<td style="padding: 4px;text-align: left;vertical-align: top;background: #eee;color: #000"><pre style="white-space: pre-wrap;">Gerando sessão para o usuário</pre></td>
</tr><tr style="padding: 4px;text-align: left;">
<th style="vertical-align: top;background: #ccc;color: #000" width="100">Time:</th>
<td style="padding: 4px;text-align: left;vertical-align: top;background: #eee;color: #000"><pre style="white-space: pre-wrap;">2021-12-04T13:28:27</pre></td>
</tr><tr style="padding: 4px;text-align: left;">
<th style="vertical-align: top;background: #ccc;color: #000" width="100">Channel:</th>
<td style="padding: 4px;text-align: left;vertical-align: top;background: #eee;color: #000"><pre style="white-space: pre-wrap;">security</pre></td>
</tr><tr style="padding: 4px;text-align: left;">
<th style="vertical-align: top;background: #ccc;color: #000" width="100">Context:</th>
<td style="padding: 4px;text-align: left;vertical-align: top;background: #eee;color: #000"><table cellspacing="1" width="100%" class="table"><tr style="padding: 4px;text-align: left;">
<th style="vertical-align: top;background: #ccc;color: #000" width="100">e-mail:</th>
<td style="padding: 4px;text-align: left;vertical-align: top;background: #eee;color: #000"><pre style="white-space: pre-wrap;">hff_@msn.com</pre></td>
</tr><tr style="padding: 4px;text-align: left;">
<th style="vertical-align: top;background: #ccc;color: #000" width="100">token:</th>
<td style="padding: 4px;text-align: left;vertical-align: top;background: #eee;color: #000"><pre style="white-space: pre-wrap;">2b076bf0-089a-45b6-89bd-72d0c73e73b771b1a18f421ead66a7368a30316673a7e079-831d-4c83-99d4-c9c2db20f2c3</pre></td>
</tr></table></td>
</tr></table></div><div data-level="100"><h1 style="background: #CCCCCC;color: #ffffff;padding: 5px;" class="monolog-output">DEBUG</h1><table cellspacing="1" width="100%" class="monolog-output table"><tr style="padding: 4px;text-align: left;">
<th style="vertical-align: top;background: #ccc;color: #000" width="100">Message:</th>
<td style="padding: 4px;text-align: left;vertical-align: top;background: #eee;color: #000"><pre style="white-space: pre-wrap;">Token gerado</pre></td>
</tr><tr style="padding: 4px;text-align: left;">
<th style="vertical-align: top;background: #ccc;color: #000" width="100">Time:</th>
<td style="padding: 4px;text-align: left;vertical-align: top;background: #eee;color: #000"><pre style="white-space: pre-wrap;">2021-12-04T13:28:28</pre></td>
</tr><tr style="padding: 4px;text-align: left;">
<th style="vertical-align: top;background: #ccc;color: #000" width="100">Channel:</th>
<td style="padding: 4px;text-align: left;vertical-align: top;background: #eee;color: #000"><pre style="white-space: pre-wrap;">security</pre></td>
</tr><tr style="padding: 4px;text-align: left;">
<th style="vertical-align: top;background: #ccc;color: #000" width="100">Context:</th>
<td style="padding: 4px;text-align: left;vertical-align: top;background: #eee;color: #000"><table cellspacing="1" width="100%" class="table"><tr style="padding: 4px;text-align: left;">
<th style="vertical-align: top;background: #ccc;color: #000" width="100">e-mail:</th>
<td style="padding: 4px;text-align: left;vertical-align: top;background: #eee;color: #000"><pre style="white-space: pre-wrap;">hff_@msn.com</pre></td>
</tr><tr style="padding: 4px;text-align: left;">
<th style="vertical-align: top;background: #ccc;color: #000" width="100">token:</th>
<td style="padding: 4px;text-align: left;vertical-align: top;background: #eee;color: #000"><pre style="white-space: pre-wrap;">2b076bf0-089a-45b6-89bd-72d0c73e73b771b1a18f421ead66a7368a30316673a7e079-831d-4c83-99d4-c9c2db20f2c3</pre></td>
</tr><tr style="padding: 4px;text-align: left;">
<th style="vertical-align: top;background: #ccc;color: #000" width="100">session:</th>
<td style="padding: 4px;text-align: left;vertical-align: top;background: #eee;color: #000"><pre style="white-space: pre-wrap;">21f9c3154b80464e8e13a1445874eb13</pre></td>
</tr></table></td>
</tr></table></div>