<div data-level="100"><h1 style="background: #CCCCCC;color: #ffffff;padding: 5px;" class="monolog-output">DEBUG</h1><table cellspacing="1" width="100%" class="monolog-output table"><tr style="padding: 4px;text-align: left;">
<th style="vertical-align: top;background: #ccc;color: #000" width="100">Message:</th>
<td style="padding: 4px;text-align: left;vertical-align: top;background: #eee;color: #000"><pre style="white-space: pre-wrap;">Gerando sessão para o usuário</pre></td>
</tr><tr style="padding: 4px;text-align: left;">
<th style="vertical-align: top;background: #ccc;color: #000" width="100">Time:</th>
<td style="padding: 4px;text-align: left;vertical-align: top;background: #eee;color: #000"><pre style="white-space: pre-wrap;">2021-11-28T23:33:12</pre></td>
</tr><tr style="padding: 4px;text-align: left;">
<th style="vertical-align: top;background: #ccc;color: #000" width="100">Channel:</th>
<td style="padding: 4px;text-align: left;vertical-align: top;background: #eee;color: #000"><pre style="white-space: pre-wrap;">security</pre></td>
</tr><tr style="padding: 4px;text-align: left;">
<th style="vertical-align: top;background: #ccc;color: #000" width="100">Context:</th>
<td style="padding: 4px;text-align: left;vertical-align: top;background: #eee;color: #000"><table cellspacing="1" width="100%" class="table"><tr style="padding: 4px;text-align: left;">
<th style="vertical-align: top;background: #ccc;color: #000" width="100">e-mail:</th>
<td style="padding: 4px;text-align: left;vertical-align: top;background: #eee;color: #000"><pre style="white-space: pre-wrap;">hff_@msn.com</pre></td>
</tr><tr style="padding: 4px;text-align: left;">
<th style="vertical-align: top;background: #ccc;color: #000" width="100">token:</th>
<td style="padding: 4px;text-align: left;vertical-align: top;background: #eee;color: #000"><pre style="white-space: pre-wrap;">2b076bf0-089a-45b6-89bd-72d0c73e73b771b1a18f421ead66a7368a30316673a7e079-831d-4c83-99d4-c9c2db20f2c3</pre></td>
</tr></table></td>
</tr></table></div><div data-level="600"><h1 style="background: #000000;color: #ffffff;padding: 5px;" class="monolog-output">EMERGENCY</h1><table cellspacing="1" width="100%" class="monolog-output table"><tr style="padding: 4px;text-align: left;">
<th style="vertical-align: top;background: #ccc;color: #000" width="100">Message:</th>
<td style="padding: 4px;text-align: left;vertical-align: top;background: #eee;color: #000"><pre style="white-space: pre-wrap;">Credenciais inválidas</pre></td>
</tr><tr style="padding: 4px;text-align: left;">
<th style="vertical-align: top;background: #ccc;color: #000" width="100">Time:</th>
<td style="padding: 4px;text-align: left;vertical-align: top;background: #eee;color: #000"><pre style="white-space: pre-wrap;">2021-11-28T23:33:13</pre></td>
</tr><tr style="padding: 4px;text-align: left;">
<th style="vertical-align: top;background: #ccc;color: #000" width="100">Channel:</th>
<td style="padding: 4px;text-align: left;vertical-align: top;background: #eee;color: #000"><pre style="white-space: pre-wrap;">security</pre></td>
</tr><tr style="padding: 4px;text-align: left;">
<th style="vertical-align: top;background: #ccc;color: #000" width="100">Context:</th>
<td style="padding: 4px;text-align: left;vertical-align: top;background: #eee;color: #000"><table cellspacing="1" width="100%" class="table"><tr style="padding: 4px;text-align: left;">
<th style="vertical-align: top;background: #ccc;color: #000" width="100">e-mail:</th>
<td style="padding: 4px;text-align: left;vertical-align: top;background: #eee;color: #000"><pre style="white-space: pre-wrap;">hff_@msn.com</pre></td>
</tr><tr style="padding: 4px;text-align: left;">
<th style="vertical-align: top;background: #ccc;color: #000" width="100">token:</th>
<td style="padding: 4px;text-align: left;vertical-align: top;background: #eee;color: #000"><pre style="white-space: pre-wrap;">2b076bf0-089a-45b6-89bd-72d0c73e73b771b1a18f421ead66a7368a30316673a7e079-831d-4c83-99d4-c9c2db20f2c3</pre></td>
</tr></table></td>
</tr></table></div><div data-level="100"><h1 style="background: #CCCCCC;color: #ffffff;padding: 5px;" class="monolog-output">DEBUG</h1><table cellspacing="1" width="100%" class="monolog-output table"><tr style="padding: 4px;text-align: left;">
<th style="vertical-align: top;background: #ccc;color: #000" width="100">Message:</th>
<td style="padding: 4px;text-align: left;vertical-align: top;background: #eee;color: #000"><pre style="white-space: pre-wrap;">Gerando sessão para o usuário</pre></td>
</tr><tr style="padding: 4px;text-align: left;">
<th style="vertical-align: top;background: #ccc;color: #000" width="100">Time:</th>
<td style="padding: 4px;text-align: left;vertical-align: top;background: #eee;color: #000"><pre style="white-space: pre-wrap;">2021-11-28T23:33:20</pre></td>
</tr><tr style="padding: 4px;text-align: left;">
<th style="vertical-align: top;background: #ccc;color: #000" width="100">Channel:</th>
<td style="padding: 4px;text-align: left;vertical-align: top;background: #eee;color: #000"><pre style="white-space: pre-wrap;">security</pre></td>
</tr><tr style="padding: 4px;text-align: left;">
<th style="vertical-align: top;background: #ccc;color: #000" width="100">Context:</th>
<td style="padding: 4px;text-align: left;vertical-align: top;background: #eee;color: #000"><table cellspacing="1" width="100%" class="table"><tr style="padding: 4px;text-align: left;">
<th style="vertical-align: top;background: #ccc;color: #000" width="100">e-mail:</th>
<td style="padding: 4px;text-align: left;vertical-align: top;background: #eee;color: #000"><pre style="white-space: pre-wrap;">hff_@msn.com</pre></td>
</tr><tr style="padding: 4px;text-align: left;">
<th style="vertical-align: top;background: #ccc;color: #000" width="100">token:</th>
<td style="padding: 4px;text-align: left;vertical-align: top;background: #eee;color: #000"><pre style="white-space: pre-wrap;">2b076bf0-089a-45b6-89bd-72d0c73e73b771b1a18f421ead66a7368a30316673a7e079-831d-4c83-99d4-c9c2db20f2c3</pre></td>
</tr></table></td>
</tr></table></div><div data-level="600"><h1 style="background: #000000;color: #ffffff;padding: 5px;" class="monolog-output">EMERGENCY</h1><table cellspacing="1" width="100%" class="monolog-output table"><tr style="padding: 4px;text-align: left;">
<th style="vertical-align: top;background: #ccc;color: #000" width="100">Message:</th>
<td style="padding: 4px;text-align: left;vertical-align: top;background: #eee;color: #000"><pre style="white-space: pre-wrap;">Credenciais inválidas</pre></td>
</tr><tr style="padding: 4px;text-align: left;">
<th style="vertical-align: top;background: #ccc;color: #000" width="100">Time:</th>
<td style="padding: 4px;text-align: left;vertical-align: top;background: #eee;color: #000"><pre style="white-space: pre-wrap;">2021-11-28T23:33:20</pre></td>
</tr><tr style="padding: 4px;text-align: left;">
<th style="vertical-align: top;background: #ccc;color: #000" width="100">Channel:</th>
<td style="padding: 4px;text-align: left;vertical-align: top;background: #eee;color: #000"><pre style="white-space: pre-wrap;">security</pre></td>
</tr><tr style="padding: 4px;text-align: left;">
<th style="vertical-align: top;background: #ccc;color: #000" width="100">Context:</th>
<td style="padding: 4px;text-align: left;vertical-align: top;background: #eee;color: #000"><table cellspacing="1" width="100%" class="table"><tr style="padding: 4px;text-align: left;">
<th style="vertical-align: top;background: #ccc;color: #000" width="100">e-mail:</th>
<td style="padding: 4px;text-align: left;vertical-align: top;background: #eee;color: #000"><pre style="white-space: pre-wrap;">hff_@msn.com</pre></td>
</tr><tr style="padding: 4px;text-align: left;">
<th style="vertical-align: top;background: #ccc;color: #000" width="100">token:</th>
<td style="padding: 4px;text-align: left;vertical-align: top;background: #eee;color: #000"><pre style="white-space: pre-wrap;">2b076bf0-089a-45b6-89bd-72d0c73e73b771b1a18f421ead66a7368a30316673a7e079-831d-4c83-99d4-c9c2db20f2c3</pre></td>
</tr></table></td>
</tr></table></div><div data-level="100"><h1 style="background: #CCCCCC;color: #ffffff;padding: 5px;" class="monolog-output">DEBUG</h1><table cellspacing="1" width="100%" class="monolog-output table"><tr style="padding: 4px;text-align: left;">
<th style="vertical-align: top;background: #ccc;color: #000" width="100">Message:</th>
<td style="padding: 4px;text-align: left;vertical-align: top;background: #eee;color: #000"><pre style="white-space: pre-wrap;">Gerando sessão para o usuário</pre></td>
</tr><tr style="padding: 4px;text-align: left;">
<th style="vertical-align: top;background: #ccc;color: #000" width="100">Time:</th>
<td style="padding: 4px;text-align: left;vertical-align: top;background: #eee;color: #000"><pre style="white-space: pre-wrap;">2021-11-28T23:34:30</pre></td>
</tr><tr style="padding: 4px;text-align: left;">
<th style="vertical-align: top;background: #ccc;color: #000" width="100">Channel:</th>
<td style="padding: 4px;text-align: left;vertical-align: top;background: #eee;color: #000"><pre style="white-space: pre-wrap;">security</pre></td>
</tr><tr style="padding: 4px;text-align: left;">
<th style="vertical-align: top;background: #ccc;color: #000" width="100">Context:</th>
<td style="padding: 4px;text-align: left;vertical-align: top;background: #eee;color: #000"><table cellspacing="1" width="100%" class="table"><tr style="padding: 4px;text-align: left;">
<th style="vertical-align: top;background: #ccc;color: #000" width="100">e-mail:</th>
<td style="padding: 4px;text-align: left;vertical-align: top;background: #eee;color: #000"><pre style="white-space: pre-wrap;">hff_@msn.com</pre></td>
</tr><tr style="padding: 4px;text-align: left;">
<th style="vertical-align: top;background: #ccc;color: #000" width="100">token:</th>
<td style="padding: 4px;text-align: left;vertical-align: top;background: #eee;color: #000"><pre style="white-space: pre-wrap;">2b076bf0-089a-45b6-89bd-72d0c73e73b771b1a18f421ead66a7368a30316673a7e079-831d-4c83-99d4-c9c2db20f2c3</pre></td>
</tr></table></td>
</tr></table></div><div data-level="600"><h1 style="background: #000000;color: #ffffff;padding: 5px;" class="monolog-output">EMERGENCY</h1><table cellspacing="1" width="100%" class="monolog-output table"><tr style="padding: 4px;text-align: left;">
<th style="vertical-align: top;background: #ccc;color: #000" width="100">Message:</th>
<td style="padding: 4px;text-align: left;vertical-align: top;background: #eee;color: #000"><pre style="white-space: pre-wrap;">Credenciais inválidas</pre></td>
</tr><tr style="padding: 4px;text-align: left;">
<th style="vertical-align: top;background: #ccc;color: #000" width="100">Time:</th>
<td style="padding: 4px;text-align: left;vertical-align: top;background: #eee;color: #000"><pre style="white-space: pre-wrap;">2021-11-28T23:34:30</pre></td>
</tr><tr style="padding: 4px;text-align: left;">
<th style="vertical-align: top;background: #ccc;color: #000" width="100">Channel:</th>
<td style="padding: 4px;text-align: left;vertical-align: top;background: #eee;color: #000"><pre style="white-space: pre-wrap;">security</pre></td>
</tr><tr style="padding: 4px;text-align: left;">
<th style="vertical-align: top;background: #ccc;color: #000" width="100">Context:</th>
<td style="padding: 4px;text-align: left;vertical-align: top;background: #eee;color: #000"><table cellspacing="1" width="100%" class="table"><tr style="padding: 4px;text-align: left;">
<th style="vertical-align: top;background: #ccc;color: #000" width="100">e-mail:</th>
<td style="padding: 4px;text-align: left;vertical-align: top;background: #eee;color: #000"><pre style="white-space: pre-wrap;">hff_@msn.com</pre></td>
</tr><tr style="padding: 4px;text-align: left;">
<th style="vertical-align: top;background: #ccc;color: #000" width="100">token:</th>
<td style="padding: 4px;text-align: left;vertical-align: top;background: #eee;color: #000"><pre style="white-space: pre-wrap;">2b076bf0-089a-45b6-89bd-72d0c73e73b771b1a18f421ead66a7368a30316673a7e079-831d-4c83-99d4-c9c2db20f2c3</pre></td>
</tr></table></td>
</tr></table></div><div data-level="100"><h1 style="background: #CCCCCC;color: #ffffff;padding: 5px;" class="monolog-output">DEBUG</h1><table cellspacing="1" width="100%" class="monolog-output table"><tr style="padding: 4px;text-align: left;">
<th style="vertical-align: top;background: #ccc;color: #000" width="100">Message:</th>
<td style="padding: 4px;text-align: left;vertical-align: top;background: #eee;color: #000"><pre style="white-space: pre-wrap;">Gerando sessão para o usuário</pre></td>
</tr><tr style="padding: 4px;text-align: left;">
<th style="vertical-align: top;background: #ccc;color: #000" width="100">Time:</th>
<td style="padding: 4px;text-align: left;vertical-align: top;background: #eee;color: #000"><pre style="white-space: pre-wrap;">2021-11-28T23:35:16</pre></td>
</tr><tr style="padding: 4px;text-align: left;">
<th style="vertical-align: top;background: #ccc;color: #000" width="100">Channel:</th>
<td style="padding: 4px;text-align: left;vertical-align: top;background: #eee;color: #000"><pre style="white-space: pre-wrap;">security</pre></td>
</tr><tr style="padding: 4px;text-align: left;">
<th style="vertical-align: top;background: #ccc;color: #000" width="100">Context:</th>
<td style="padding: 4px;text-align: left;vertical-align: top;background: #eee;color: #000"><table cellspacing="1" width="100%" class="table"><tr style="padding: 4px;text-align: left;">
<th style="vertical-align: top;background: #ccc;color: #000" width="100">e-mail:</th>
<td style="padding: 4px;text-align: left;vertical-align: top;background: #eee;color: #000"><pre style="white-space: pre-wrap;">hff_@msn.com</pre></td>
</tr><tr style="padding: 4px;text-align: left;">
<th style="vertical-align: top;background: #ccc;color: #000" width="100">token:</th>
<td style="padding: 4px;text-align: left;vertical-align: top;background: #eee;color: #000"><pre style="white-space: pre-wrap;">2b076bf0-089a-45b6-89bd-72d0c73e73b771b1a18f421ead66a7368a30316673a7e079-831d-4c83-99d4-c9c2db20f2c3</pre></td>
</tr></table></td>
</tr></table></div><div data-level="600"><h1 style="background: #000000;color: #ffffff;padding: 5px;" class="monolog-output">EMERGENCY</h1><table cellspacing="1" width="100%" class="monolog-output table"><tr style="padding: 4px;text-align: left;">
<th style="vertical-align: top;background: #ccc;color: #000" width="100">Message:</th>
<td style="padding: 4px;text-align: left;vertical-align: top;background: #eee;color: #000"><pre style="white-space: pre-wrap;">Credenciais inválidas</pre></td>
</tr><tr style="padding: 4px;text-align: left;">
<th style="vertical-align: top;background: #ccc;color: #000" width="100">Time:</th>
<td style="padding: 4px;text-align: left;vertical-align: top;background: #eee;color: #000"><pre style="white-space: pre-wrap;">2021-11-28T23:35:16</pre></td>
</tr><tr style="padding: 4px;text-align: left;">
<th style="vertical-align: top;background: #ccc;color: #000" width="100">Channel:</th>
<td style="padding: 4px;text-align: left;vertical-align: top;background: #eee;color: #000"><pre style="white-space: pre-wrap;">security</pre></td>
</tr><tr style="padding: 4px;text-align: left;">
<th style="vertical-align: top;background: #ccc;color: #000" width="100">Context:</th>
<td style="padding: 4px;text-align: left;vertical-align: top;background: #eee;color: #000"><table cellspacing="1" width="100%" class="table"><tr style="padding: 4px;text-align: left;">
<th style="vertical-align: top;background: #ccc;color: #000" width="100">e-mail:</th>
<td style="padding: 4px;text-align: left;vertical-align: top;background: #eee;color: #000"><pre style="white-space: pre-wrap;">hff_@msn.com</pre></td>
</tr><tr style="padding: 4px;text-align: left;">
<th style="vertical-align: top;background: #ccc;color: #000" width="100">token:</th>
<td style="padding: 4px;text-align: left;vertical-align: top;background: #eee;color: #000"><pre style="white-space: pre-wrap;">2b076bf0-089a-45b6-89bd-72d0c73e73b771b1a18f421ead66a7368a30316673a7e079-831d-4c83-99d4-c9c2db20f2c3</pre></td>
</tr></table></td>
</tr></table></div><div data-level="100"><h1 style="background: #CCCCCC;color: #ffffff;padding: 5px;" class="monolog-output">DEBUG</h1><table cellspacing="1" width="100%" class="monolog-output table"><tr style="padding: 4px;text-align: left;">
<th style="vertical-align: top;background: #ccc;color: #000" width="100">Message:</th>
<td style="padding: 4px;text-align: left;vertical-align: top;background: #eee;color: #000"><pre style="white-space: pre-wrap;">Gerando sessão para o usuário</pre></td>
</tr><tr style="padding: 4px;text-align: left;">
<th style="vertical-align: top;background: #ccc;color: #000" width="100">Time:</th>
<td style="padding: 4px;text-align: left;vertical-align: top;background: #eee;color: #000"><pre style="white-space: pre-wrap;">2021-11-28T23:37:53</pre></td>
</tr><tr style="padding: 4px;text-align: left;">
<th style="vertical-align: top;background: #ccc;color: #000" width="100">Channel:</th>
<td style="padding: 4px;text-align: left;vertical-align: top;background: #eee;color: #000"><pre style="white-space: pre-wrap;">security</pre></td>
</tr><tr style="padding: 4px;text-align: left;">
<th style="vertical-align: top;background: #ccc;color: #000" width="100">Context:</th>
<td style="padding: 4px;text-align: left;vertical-align: top;background: #eee;color: #000"><table cellspacing="1" width="100%" class="table"><tr style="padding: 4px;text-align: left;">
<th style="vertical-align: top;background: #ccc;color: #000" width="100">e-mail:</th>
<td style="padding: 4px;text-align: left;vertical-align: top;background: #eee;color: #000"><pre style="white-space: pre-wrap;">hff_@msn.com</pre></td>
</tr><tr style="padding: 4px;text-align: left;">
<th style="vertical-align: top;background: #ccc;color: #000" width="100">token:</th>
<td style="padding: 4px;text-align: left;vertical-align: top;background: #eee;color: #000"><pre style="white-space: pre-wrap;">2b076bf0-089a-45b6-89bd-72d0c73e73b771b1a18f421ead66a7368a30316673a7e079-831d-4c83-99d4-c9c2db20f2c3</pre></td>
</tr></table></td>
</tr></table></div><div data-level="600"><h1 style="background: #000000;color: #ffffff;padding: 5px;" class="monolog-output">EMERGENCY</h1><table cellspacing="1" width="100%" class="monolog-output table"><tr style="padding: 4px;text-align: left;">
<th style="vertical-align: top;background: #ccc;color: #000" width="100">Message:</th>
<td style="padding: 4px;text-align: left;vertical-align: top;background: #eee;color: #000"><pre style="white-space: pre-wrap;">Credenciais inválidas</pre></td>
</tr><tr style="padding: 4px;text-align: left;">
<th style="vertical-align: top;background: #ccc;color: #000" width="100">Time:</th>
<td style="padding: 4px;text-align: left;vertical-align: top;background: #eee;color: #000"><pre style="white-space: pre-wrap;">2021-11-28T23:37:54</pre></td>
</tr><tr style="padding: 4px;text-align: left;">
<th style="vertical-align: top;background: #ccc;color: #000" width="100">Channel:</th>
<td style="padding: 4px;text-align: left;vertical-align: top;background: #eee;color: #000"><pre style="white-space: pre-wrap;">security</pre></td>
</tr><tr style="padding: 4px;text-align: left;">
<th style="vertical-align: top;background: #ccc;color: #000" width="100">Context:</th>
<td style="padding: 4px;text-align: left;vertical-align: top;background: #eee;color: #000"><table cellspacing="1" width="100%" class="table"><tr style="padding: 4px;text-align: left;">
<th style="vertical-align: top;background: #ccc;color: #000" width="100">e-mail:</th>
<td style="padding: 4px;text-align: left;vertical-align: top;background: #eee;color: #000"><pre style="white-space: pre-wrap;">hff_@msn.com</pre></td>
</tr><tr style="padding: 4px;text-align: left;">
<th style="vertical-align: top;background: #ccc;color: #000" width="100">token:</th>
<td style="padding: 4px;text-align: left;vertical-align: top;background: #eee;color: #000"><pre style="white-space: pre-wrap;">2b076bf0-089a-45b6-89bd-72d0c73e73b771b1a18f421ead66a7368a30316673a7e079-831d-4c83-99d4-c9c2db20f2c3</pre></td>
</tr></table></td>
</tr></table></div><div data-level="100"><h1 style="background: #CCCCCC;color: #ffffff;padding: 5px;" class="monolog-output">DEBUG</h1><table cellspacing="1" width="100%" class="monolog-output table"><tr style="padding: 4px;text-align: left;">
<th style="vertical-align: top;background: #ccc;color: #000" width="100">Message:</th>
<td style="padding: 4px;text-align: left;vertical-align: top;background: #eee;color: #000"><pre style="white-space: pre-wrap;">Gerando sessão para o usuário</pre></td>
</tr><tr style="padding: 4px;text-align: left;">
<th style="vertical-align: top;background: #ccc;color: #000" width="100">Time:</th>
<td style="padding: 4px;text-align: left;vertical-align: top;background: #eee;color: #000"><pre style="white-space: pre-wrap;">2021-11-28T23:38:22</pre></td>
</tr><tr style="padding: 4px;text-align: left;">
<th style="vertical-align: top;background: #ccc;color: #000" width="100">Channel:</th>
<td style="padding: 4px;text-align: left;vertical-align: top;background: #eee;color: #000"><pre style="white-space: pre-wrap;">security</pre></td>
</tr><tr style="padding: 4px;text-align: left;">
<th style="vertical-align: top;background: #ccc;color: #000" width="100">Context:</th>
<td style="padding: 4px;text-align: left;vertical-align: top;background: #eee;color: #000"><table cellspacing="1" width="100%" class="table"><tr style="padding: 4px;text-align: left;">
<th style="vertical-align: top;background: #ccc;color: #000" width="100">e-mail:</th>
<td style="padding: 4px;text-align: left;vertical-align: top;background: #eee;color: #000"><pre style="white-space: pre-wrap;">hff_@msn.com</pre></td>
</tr><tr style="padding: 4px;text-align: left;">
<th style="vertical-align: top;background: #ccc;color: #000" width="100">token:</th>
<td style="padding: 4px;text-align: left;vertical-align: top;background: #eee;color: #000"><pre style="white-space: pre-wrap;">2b076bf0-089a-45b6-89bd-72d0c73e73b771b1a18f421ead66a7368a30316673a7e079-831d-4c83-99d4-c9c2db20f2c3</pre></td>
</tr></table></td>
</tr></table></div><div data-level="100"><h1 style="background: #CCCCCC;color: #ffffff;padding: 5px;" class="monolog-output">DEBUG</h1><table cellspacing="1" width="100%" class="monolog-output table"><tr style="padding: 4px;text-align: left;">
<th style="vertical-align: top;background: #ccc;color: #000" width="100">Message:</th>
<td style="padding: 4px;text-align: left;vertical-align: top;background: #eee;color: #000"><pre style="white-space: pre-wrap;">Token gerado</pre></td>
</tr><tr style="padding: 4px;text-align: left;">
<th style="vertical-align: top;background: #ccc;color: #000" width="100">Time:</th>
<td style="padding: 4px;text-align: left;vertical-align: top;background: #eee;color: #000"><pre style="white-space: pre-wrap;">2021-11-28T23:38:22</pre></td>
</tr><tr style="padding: 4px;text-align: left;">
<th style="vertical-align: top;background: #ccc;color: #000" width="100">Channel:</th>
<td style="padding: 4px;text-align: left;vertical-align: top;background: #eee;color: #000"><pre style="white-space: pre-wrap;">security</pre></td>
</tr><tr style="padding: 4px;text-align: left;">
<th style="vertical-align: top;background: #ccc;color: #000" width="100">Context:</th>
<td style="padding: 4px;text-align: left;vertical-align: top;background: #eee;color: #000"><table cellspacing="1" width="100%" class="table"><tr style="padding: 4px;text-align: left;">
<th style="vertical-align: top;background: #ccc;color: #000" width="100">e-mail:</th>
<td style="padding: 4px;text-align: left;vertical-align: top;background: #eee;color: #000"><pre style="white-space: pre-wrap;">hff_@msn.com</pre></td>
</tr><tr style="padding: 4px;text-align: left;">
<th style="vertical-align: top;background: #ccc;color: #000" width="100">token:</th>
<td style="padding: 4px;text-align: left;vertical-align: top;background: #eee;color: #000"><pre style="white-space: pre-wrap;">2b076bf0-089a-45b6-89bd-72d0c73e73b771b1a18f421ead66a7368a30316673a7e079-831d-4c83-99d4-c9c2db20f2c3</pre></td>
</tr><tr style="padding: 4px;text-align: left;">
<th style="vertical-align: top;background: #ccc;color: #000" width="100">session:</th>
<td style="padding: 4px;text-align: left;vertical-align: top;background: #eee;color: #000"><pre style="white-space: pre-wrap;">210159d7dac24413a815999b2ffd5140</pre></td>
</tr></table></td>
</tr></table></div><div data-level="200"><h1 style="background: #28A745;color: #ffffff;padding: 5px;" class="monolog-output">INFO</h1><table cellspacing="1" width="100%" class="monolog-output table"><tr style="padding: 4px;text-align: left;">
<th style="vertical-align: top;background: #ccc;color: #000" width="100">Message:</th>
<td style="padding: 4px;text-align: left;vertical-align: top;background: #eee;color: #000"><pre style="white-space: pre-wrap;">Realiza uma requisição de pagamento</pre></td>
</tr><tr style="padding: 4px;text-align: left;">
<th style="vertical-align: top;background: #ccc;color: #000" width="100">Time:</th>
<td style="padding: 4px;text-align: left;vertical-align: top;background: #eee;color: #000"><pre style="white-space: pre-wrap;">2021-11-28T23:38:30</pre></td>
</tr><tr style="padding: 4px;text-align: left;">
<th style="vertical-align: top;background: #ccc;color: #000" width="100">Channel:</th>
<td style="padding: 4px;text-align: left;vertical-align: top;background: #eee;color: #000"><pre style="white-space: pre-wrap;">security</pre></td>
</tr><tr style="padding: 4px;text-align: left;">
<th style="vertical-align: top;background: #ccc;color: #000" width="100">Context:</th>
<td style="padding: 4px;text-align: left;vertical-align: top;background: #eee;color: #000"><table cellspacing="1" width="100%" class="table"><tr style="padding: 4px;text-align: left;">
<th style="vertical-align: top;background: #ccc;color: #000" width="100">uid:</th>
<td style="padding: 4px;text-align: left;vertical-align: top;background: #eee;color: #000"><pre style="white-space: pre-wrap;">1638142709:61a412f5957df</pre></td>
</tr><tr style="padding: 4px;text-align: left;">
<th style="vertical-align: top;background: #ccc;color: #000" width="100">e-mail:</th>
<td style="padding: 4px;text-align: left;vertical-align: top;background: #eee;color: #000"><pre style="white-space: pre-wrap;">hff_@msn.com</pre></td>
</tr><tr style="padding: 4px;text-align: left;">
<th style="vertical-align: top;background: #ccc;color: #000" width="100">token:</th>
<td style="padding: 4px;text-align: left;vertical-align: top;background: #eee;color: #000"><pre style="white-space: pre-wrap;">2b076bf0-089a-45b6-89bd-72d0c73e73b771b1a18f421ead66a7368a30316673a7e079-831d-4c83-99d4-c9c2db20f2c3</pre></td>
</tr><tr style="padding: 4px;text-align: left;">
<th style="vertical-align: top;background: #ccc;color: #000" width="100">type:</th>
<td style="padding: 4px;text-align: left;vertical-align: top;background: #eee;color: #000"><pre style="white-space: pre-wrap;">ValdeirPsr\PagSeguro\Request\Sale</pre></td>
</tr><tr style="padding: 4px;text-align: left;">
<th style="vertical-align: top;background: #ccc;color: #000" width="100">request:</th>
<td style="padding: 4px;text-align: left;vertical-align: top;background: #eee;color: #000"><pre style="white-space: pre-wrap;">&lt;?xml version="1.0" encoding="utf-8"?&gt;
&lt;payment&gt;&lt;mode&gt;default&lt;/mode&gt;&lt;method&gt;boleto&lt;/method&gt;&lt;sender&gt;&lt;name&gt;Harison Falcão&lt;/name&gt;&lt;email&gt;harison.fal@gmail.com&lt;/email&gt;&lt;hash&gt;630b8a9cf90bedc68c0486112c5922fa18c4b828d2554099a5c7811feb2b942c&lt;/hash&gt;&lt;phone&gt;&lt;areaCode&gt;49&lt;/areaCode&gt;&lt;number&gt;984341603&lt;/number&gt;&lt;/phone&gt;&lt;documents&gt;&lt;document&gt;&lt;type&gt;CPF&lt;/type&gt;&lt;value&gt;07388045929&lt;/value&gt;&lt;/document&gt;&lt;/documents&gt;&lt;/sender&gt;&lt;currency&gt;BRL&lt;/currency&gt;&lt;notificationURL&gt;http://www.easygrass.com.br/laessence/index.php?route=extension/payment/pagseguro/callback&amp;amp;order_id=8&amp;amp;token=7PVgwnxUMilxLm9ocAHCdZb4T5XX5rAl&lt;/notificationURL&gt;&lt;items&gt;&lt;item&gt;&lt;id&gt;ID43_K0&lt;/id&gt;&lt;description&gt;MacBook  ::  Product 16&lt;/description&gt;&lt;amount&gt;500.00&lt;/amount&gt;&lt;quantity&gt;1&lt;/quantity&gt;&lt;/item&gt;&lt;/items&gt;&lt;extraAmount&gt;0.00&lt;/extraAmount&gt;&lt;/payment&gt;
</pre></td>
</tr></table></td>
</tr></table></div><div data-level="300"><h1 style="background: #FFC107;color: #ffffff;padding: 5px;" class="monolog-output">WARNING</h1><table cellspacing="1" width="100%" class="monolog-output table"><tr style="padding: 4px;text-align: left;">
<th style="vertical-align: top;background: #ccc;color: #000" width="100">Message:</th>
<td style="padding: 4px;text-align: left;vertical-align: top;background: #eee;color: #000"><pre style="white-space: pre-wrap;">Erro ao realizar pagamento</pre></td>
</tr><tr style="padding: 4px;text-align: left;">
<th style="vertical-align: top;background: #ccc;color: #000" width="100">Time:</th>
<td style="padding: 4px;text-align: left;vertical-align: top;background: #eee;color: #000"><pre style="white-space: pre-wrap;">2021-11-28T23:38:30</pre></td>
</tr><tr style="padding: 4px;text-align: left;">
<th style="vertical-align: top;background: #ccc;color: #000" width="100">Channel:</th>
<td style="padding: 4px;text-align: left;vertical-align: top;background: #eee;color: #000"><pre style="white-space: pre-wrap;">security</pre></td>
</tr><tr style="padding: 4px;text-align: left;">
<th style="vertical-align: top;background: #ccc;color: #000" width="100">Context:</th>
<td style="padding: 4px;text-align: left;vertical-align: top;background: #eee;color: #000"><table cellspacing="1" width="100%" class="table"><tr style="padding: 4px;text-align: left;">
<th style="vertical-align: top;background: #ccc;color: #000" width="100">e-mail:</th>
<td style="padding: 4px;text-align: left;vertical-align: top;background: #eee;color: #000"><pre style="white-space: pre-wrap;">hff_@msn.com</pre></td>
</tr><tr style="padding: 4px;text-align: left;">
<th style="vertical-align: top;background: #ccc;color: #000" width="100">token:</th>
<td style="padding: 4px;text-align: left;vertical-align: top;background: #eee;color: #000"><pre style="white-space: pre-wrap;">2b076bf0-089a-45b6-89bd-72d0c73e73b771b1a18f421ead66a7368a30316673a7e079-831d-4c83-99d4-c9c2db20f2c3</pre></td>
</tr><tr style="padding: 4px;text-align: left;">
<th style="vertical-align: top;background: #ccc;color: #000" width="100">request:</th>
<td style="padding: 4px;text-align: left;vertical-align: top;background: #eee;color: #000"><pre style="white-space: pre-wrap;">&lt;?xml version="1.0" encoding="utf-8"?&gt;
&lt;payment&gt;&lt;mode&gt;default&lt;/mode&gt;&lt;method&gt;boleto&lt;/method&gt;&lt;sender&gt;&lt;name&gt;Harison Falcão&lt;/name&gt;&lt;email&gt;harison.fal@gmail.com&lt;/email&gt;&lt;hash&gt;630b8a9cf90bedc68c0486112c5922fa18c4b828d2554099a5c7811feb2b942c&lt;/hash&gt;&lt;phone&gt;&lt;areaCode&gt;49&lt;/areaCode&gt;&lt;number&gt;984341603&lt;/number&gt;&lt;/phone&gt;&lt;documents&gt;&lt;document&gt;&lt;type&gt;CPF&lt;/type&gt;&lt;value&gt;07388045929&lt;/value&gt;&lt;/document&gt;&lt;/documents&gt;&lt;/sender&gt;&lt;currency&gt;BRL&lt;/currency&gt;&lt;notificationURL&gt;http://www.easygrass.com.br/laessence/index.php?route=extension/payment/pagseguro/callback&amp;amp;order_id=8&amp;amp;token=7PVgwnxUMilxLm9ocAHCdZb4T5XX5rAl&lt;/notificationURL&gt;&lt;items&gt;&lt;item&gt;&lt;id&gt;ID43_K0&lt;/id&gt;&lt;description&gt;MacBook  ::  Product 16&lt;/description&gt;&lt;amount&gt;500.00&lt;/amount&gt;&lt;quantity&gt;1&lt;/quantity&gt;&lt;/item&gt;&lt;/items&gt;&lt;extraAmount&gt;0.00&lt;/extraAmount&gt;&lt;/payment&gt;
</pre></td>
</tr><tr style="padding: 4px;text-align: left;">
<th style="vertical-align: top;background: #ccc;color: #000" width="100">response:</th>
<td style="padding: 4px;text-align: left;vertical-align: top;background: #eee;color: #000"><pre style="white-space: pre-wrap;">&lt;?xml version="1.0" encoding="ISO-8859-1" standalone="yes"?&gt;&lt;errors&gt;&lt;error&gt;&lt;code&gt;53024&lt;/code&gt;&lt;message&gt;shipping address street is required.&lt;/message&gt;&lt;/error&gt;&lt;error&gt;&lt;code&gt;53026&lt;/code&gt;&lt;message&gt;shipping address number is required.&lt;/message&gt;&lt;/error&gt;&lt;error&gt;&lt;code&gt;53022&lt;/code&gt;&lt;message&gt;shipping address postal code is required.&lt;/message&gt;&lt;/error&gt;&lt;error&gt;&lt;code&gt;53029&lt;/code&gt;&lt;message&gt;shipping address district is required.&lt;/message&gt;&lt;/error&gt;&lt;error&gt;&lt;code&gt;53035&lt;/code&gt;&lt;message&gt;shipping address country is required.&lt;/message&gt;&lt;/error&gt;&lt;error&gt;&lt;code&gt;53033&lt;/code&gt;&lt;message&gt;shipping address state is required.&lt;/message&gt;&lt;/error&gt;&lt;error&gt;&lt;code&gt;53031&lt;/code&gt;&lt;message&gt;shipping address city is required.&lt;/message&gt;&lt;/error&gt;&lt;/errors&gt;</pre></td>
</tr></table></td>
</tr></table></div><div data-level="100"><h1 style="background: #CCCCCC;color: #ffffff;padding: 5px;" class="monolog-output">DEBUG</h1><table cellspacing="1" width="100%" class="monolog-output table"><tr style="padding: 4px;text-align: left;">
<th style="vertical-align: top;background: #ccc;color: #000" width="100">Message:</th>
<td style="padding: 4px;text-align: left;vertical-align: top;background: #eee;color: #000"><pre style="white-space: pre-wrap;">Gerando sessão para o usuário</pre></td>
</tr><tr style="padding: 4px;text-align: left;">
<th style="vertical-align: top;background: #ccc;color: #000" width="100">Time:</th>
<td style="padding: 4px;text-align: left;vertical-align: top;background: #eee;color: #000"><pre style="white-space: pre-wrap;">2021-11-28T23:38:42</pre></td>
</tr><tr style="padding: 4px;text-align: left;">
<th style="vertical-align: top;background: #ccc;color: #000" width="100">Channel:</th>
<td style="padding: 4px;text-align: left;vertical-align: top;background: #eee;color: #000"><pre style="white-space: pre-wrap;">security</pre></td>
</tr><tr style="padding: 4px;text-align: left;">
<th style="vertical-align: top;background: #ccc;color: #000" width="100">Context:</th>
<td style="padding: 4px;text-align: left;vertical-align: top;background: #eee;color: #000"><table cellspacing="1" width="100%" class="table"><tr style="padding: 4px;text-align: left;">
<th style="vertical-align: top;background: #ccc;color: #000" width="100">e-mail:</th>
<td style="padding: 4px;text-align: left;vertical-align: top;background: #eee;color: #000"><pre style="white-space: pre-wrap;">hff_@msn.com</pre></td>
</tr><tr style="padding: 4px;text-align: left;">
<th style="vertical-align: top;background: #ccc;color: #000" width="100">token:</th>
<td style="padding: 4px;text-align: left;vertical-align: top;background: #eee;color: #000"><pre style="white-space: pre-wrap;">2b076bf0-089a-45b6-89bd-72d0c73e73b771b1a18f421ead66a7368a30316673a7e079-831d-4c83-99d4-c9c2db20f2c3</pre></td>
</tr></table></td>
</tr></table></div><div data-level="100"><h1 style="background: #CCCCCC;color: #ffffff;padding: 5px;" class="monolog-output">DEBUG</h1><table cellspacing="1" width="100%" class="monolog-output table"><tr style="padding: 4px;text-align: left;">
<th style="vertical-align: top;background: #ccc;color: #000" width="100">Message:</th>
<td style="padding: 4px;text-align: left;vertical-align: top;background: #eee;color: #000"><pre style="white-space: pre-wrap;">Token gerado</pre></td>
</tr><tr style="padding: 4px;text-align: left;">
<th style="vertical-align: top;background: #ccc;color: #000" width="100">Time:</th>
<td style="padding: 4px;text-align: left;vertical-align: top;background: #eee;color: #000"><pre style="white-space: pre-wrap;">2021-11-28T23:38:42</pre></td>
</tr><tr style="padding: 4px;text-align: left;">
<th style="vertical-align: top;background: #ccc;color: #000" width="100">Channel:</th>
<td style="padding: 4px;text-align: left;vertical-align: top;background: #eee;color: #000"><pre style="white-space: pre-wrap;">security</pre></td>
</tr><tr style="padding: 4px;text-align: left;">
<th style="vertical-align: top;background: #ccc;color: #000" width="100">Context:</th>
<td style="padding: 4px;text-align: left;vertical-align: top;background: #eee;color: #000"><table cellspacing="1" width="100%" class="table"><tr style="padding: 4px;text-align: left;">
<th style="vertical-align: top;background: #ccc;color: #000" width="100">e-mail:</th>
<td style="padding: 4px;text-align: left;vertical-align: top;background: #eee;color: #000"><pre style="white-space: pre-wrap;">hff_@msn.com</pre></td>
</tr><tr style="padding: 4px;text-align: left;">
<th style="vertical-align: top;background: #ccc;color: #000" width="100">token:</th>
<td style="padding: 4px;text-align: left;vertical-align: top;background: #eee;color: #000"><pre style="white-space: pre-wrap;">2b076bf0-089a-45b6-89bd-72d0c73e73b771b1a18f421ead66a7368a30316673a7e079-831d-4c83-99d4-c9c2db20f2c3</pre></td>
</tr><tr style="padding: 4px;text-align: left;">
<th style="vertical-align: top;background: #ccc;color: #000" width="100">session:</th>
<td style="padding: 4px;text-align: left;vertical-align: top;background: #eee;color: #000"><pre style="white-space: pre-wrap;">cc1d53f3e06b46b8ba515e3e28a29aee</pre></td>
</tr></table></td>
</tr></table></div><div data-level="100"><h1 style="background: #CCCCCC;color: #ffffff;padding: 5px;" class="monolog-output">DEBUG</h1><table cellspacing="1" width="100%" class="monolog-output table"><tr style="padding: 4px;text-align: left;">
<th style="vertical-align: top;background: #ccc;color: #000" width="100">Message:</th>
<td style="padding: 4px;text-align: left;vertical-align: top;background: #eee;color: #000"><pre style="white-space: pre-wrap;">Gerando sessão para o usuário</pre></td>
</tr><tr style="padding: 4px;text-align: left;">
<th style="vertical-align: top;background: #ccc;color: #000" width="100">Time:</th>
<td style="padding: 4px;text-align: left;vertical-align: top;background: #eee;color: #000"><pre style="white-space: pre-wrap;">2021-11-28T23:42:51</pre></td>
</tr><tr style="padding: 4px;text-align: left;">
<th style="vertical-align: top;background: #ccc;color: #000" width="100">Channel:</th>
<td style="padding: 4px;text-align: left;vertical-align: top;background: #eee;color: #000"><pre style="white-space: pre-wrap;">security</pre></td>
</tr><tr style="padding: 4px;text-align: left;">
<th style="vertical-align: top;background: #ccc;color: #000" width="100">Context:</th>
<td style="padding: 4px;text-align: left;vertical-align: top;background: #eee;color: #000"><table cellspacing="1" width="100%" class="table"><tr style="padding: 4px;text-align: left;">
<th style="vertical-align: top;background: #ccc;color: #000" width="100">e-mail:</th>
<td style="padding: 4px;text-align: left;vertical-align: top;background: #eee;color: #000"><pre style="white-space: pre-wrap;">hff_@msn.com</pre></td>
</tr><tr style="padding: 4px;text-align: left;">
<th style="vertical-align: top;background: #ccc;color: #000" width="100">token:</th>
<td style="padding: 4px;text-align: left;vertical-align: top;background: #eee;color: #000"><pre style="white-space: pre-wrap;">2b076bf0-089a-45b6-89bd-72d0c73e73b771b1a18f421ead66a7368a30316673a7e079-831d-4c83-99d4-c9c2db20f2c3</pre></td>
</tr></table></td>
</tr></table></div><div data-level="100"><h1 style="background: #CCCCCC;color: #ffffff;padding: 5px;" class="monolog-output">DEBUG</h1><table cellspacing="1" width="100%" class="monolog-output table"><tr style="padding: 4px;text-align: left;">
<th style="vertical-align: top;background: #ccc;color: #000" width="100">Message:</th>
<td style="padding: 4px;text-align: left;vertical-align: top;background: #eee;color: #000"><pre style="white-space: pre-wrap;">Token gerado</pre></td>
</tr><tr style="padding: 4px;text-align: left;">
<th style="vertical-align: top;background: #ccc;color: #000" width="100">Time:</th>
<td style="padding: 4px;text-align: left;vertical-align: top;background: #eee;color: #000"><pre style="white-space: pre-wrap;">2021-11-28T23:42:52</pre></td>
</tr><tr style="padding: 4px;text-align: left;">
<th style="vertical-align: top;background: #ccc;color: #000" width="100">Channel:</th>
<td style="padding: 4px;text-align: left;vertical-align: top;background: #eee;color: #000"><pre style="white-space: pre-wrap;">security</pre></td>
</tr><tr style="padding: 4px;text-align: left;">
<th style="vertical-align: top;background: #ccc;color: #000" width="100">Context:</th>
<td style="padding: 4px;text-align: left;vertical-align: top;background: #eee;color: #000"><table cellspacing="1" width="100%" class="table"><tr style="padding: 4px;text-align: left;">
<th style="vertical-align: top;background: #ccc;color: #000" width="100">e-mail:</th>
<td style="padding: 4px;text-align: left;vertical-align: top;background: #eee;color: #000"><pre style="white-space: pre-wrap;">hff_@msn.com</pre></td>
</tr><tr style="padding: 4px;text-align: left;">
<th style="vertical-align: top;background: #ccc;color: #000" width="100">token:</th>
<td style="padding: 4px;text-align: left;vertical-align: top;background: #eee;color: #000"><pre style="white-space: pre-wrap;">2b076bf0-089a-45b6-89bd-72d0c73e73b771b1a18f421ead66a7368a30316673a7e079-831d-4c83-99d4-c9c2db20f2c3</pre></td>
</tr><tr style="padding: 4px;text-align: left;">
<th style="vertical-align: top;background: #ccc;color: #000" width="100">session:</th>
<td style="padding: 4px;text-align: left;vertical-align: top;background: #eee;color: #000"><pre style="white-space: pre-wrap;">4e93e6d40a934e98b0fd18e136de7690</pre></td>
</tr></table></td>
</tr></table></div><div data-level="200"><h1 style="background: #28A745;color: #ffffff;padding: 5px;" class="monolog-output">INFO</h1><table cellspacing="1" width="100%" class="monolog-output table"><tr style="padding: 4px;text-align: left;">
<th style="vertical-align: top;background: #ccc;color: #000" width="100">Message:</th>
<td style="padding: 4px;text-align: left;vertical-align: top;background: #eee;color: #000"><pre style="white-space: pre-wrap;">Realiza uma requisição de pagamento</pre></td>
</tr><tr style="padding: 4px;text-align: left;">
<th style="vertical-align: top;background: #ccc;color: #000" width="100">Time:</th>
<td style="padding: 4px;text-align: left;vertical-align: top;background: #eee;color: #000"><pre style="white-space: pre-wrap;">2021-11-28T23:42:59</pre></td>
</tr><tr style="padding: 4px;text-align: left;">
<th style="vertical-align: top;background: #ccc;color: #000" width="100">Channel:</th>
<td style="padding: 4px;text-align: left;vertical-align: top;background: #eee;color: #000"><pre style="white-space: pre-wrap;">security</pre></td>
</tr><tr style="padding: 4px;text-align: left;">
<th style="vertical-align: top;background: #ccc;color: #000" width="100">Context:</th>
<td style="padding: 4px;text-align: left;vertical-align: top;background: #eee;color: #000"><table cellspacing="1" width="100%" class="table"><tr style="padding: 4px;text-align: left;">
<th style="vertical-align: top;background: #ccc;color: #000" width="100">uid:</th>
<td style="padding: 4px;text-align: left;vertical-align: top;background: #eee;color: #000"><pre style="white-space: pre-wrap;">1638142978:61a41402c318f</pre></td>
</tr><tr style="padding: 4px;text-align: left;">
<th style="vertical-align: top;background: #ccc;color: #000" width="100">e-mail:</th>
<td style="padding: 4px;text-align: left;vertical-align: top;background: #eee;color: #000"><pre style="white-space: pre-wrap;">hff_@msn.com</pre></td>
</tr><tr style="padding: 4px;text-align: left;">
<th style="vertical-align: top;background: #ccc;color: #000" width="100">token:</th>
<td style="padding: 4px;text-align: left;vertical-align: top;background: #eee;color: #000"><pre style="white-space: pre-wrap;">2b076bf0-089a-45b6-89bd-72d0c73e73b771b1a18f421ead66a7368a30316673a7e079-831d-4c83-99d4-c9c2db20f2c3</pre></td>
</tr><tr style="padding: 4px;text-align: left;">
<th style="vertical-align: top;background: #ccc;color: #000" width="100">type:</th>
<td style="padding: 4px;text-align: left;vertical-align: top;background: #eee;color: #000"><pre style="white-space: pre-wrap;">ValdeirPsr\PagSeguro\Request\Sale</pre></td>
</tr><tr style="padding: 4px;text-align: left;">
<th style="vertical-align: top;background: #ccc;color: #000" width="100">request:</th>
<td style="padding: 4px;text-align: left;vertical-align: top;background: #eee;color: #000"><pre style="white-space: pre-wrap;">&lt;?xml version="1.0" encoding="utf-8"?&gt;
&lt;payment&gt;&lt;mode&gt;default&lt;/mode&gt;&lt;method&gt;boleto&lt;/method&gt;&lt;sender&gt;&lt;name&gt;Harison Falcão&lt;/name&gt;&lt;email&gt;harison.fal@gmail.com&lt;/email&gt;&lt;hash&gt;630b8a9cf90bedc68c0486112c5922fa18c4b828d2554099a5c7811feb2b942c&lt;/hash&gt;&lt;phone&gt;&lt;areaCode&gt;49&lt;/areaCode&gt;&lt;number&gt;984341603&lt;/number&gt;&lt;/phone&gt;&lt;documents&gt;&lt;document&gt;&lt;type&gt;CPF&lt;/type&gt;&lt;value&gt;07388045929&lt;/value&gt;&lt;/document&gt;&lt;/documents&gt;&lt;/sender&gt;&lt;currency&gt;BRL&lt;/currency&gt;&lt;notificationURL&gt;http://www.easygrass.com.br/laessence/index.php?route=extension/payment/pagseguro/callback&amp;amp;order_id=10&amp;amp;token=7PVgwnxUMilxLm9ocAHCdZb4T5XX5rAl&lt;/notificationURL&gt;&lt;items&gt;&lt;item&gt;&lt;id&gt;ID43_K0&lt;/id&gt;&lt;description&gt;MacBook  ::  Product 16&lt;/description&gt;&lt;amount&gt;500.00&lt;/amount&gt;&lt;quantity&gt;1&lt;/quantity&gt;&lt;/item&gt;&lt;/items&gt;&lt;extraAmount&gt;0.00&lt;/extraAmount&gt;&lt;/payment&gt;
</pre></td>
</tr></table></td>
</tr></table></div><div data-level="300"><h1 style="background: #FFC107;color: #ffffff;padding: 5px;" class="monolog-output">WARNING</h1><table cellspacing="1" width="100%" class="monolog-output table"><tr style="padding: 4px;text-align: left;">
<th style="vertical-align: top;background: #ccc;color: #000" width="100">Message:</th>
<td style="padding: 4px;text-align: left;vertical-align: top;background: #eee;color: #000"><pre style="white-space: pre-wrap;">Erro ao realizar pagamento</pre></td>
</tr><tr style="padding: 4px;text-align: left;">
<th style="vertical-align: top;background: #ccc;color: #000" width="100">Time:</th>
<td style="padding: 4px;text-align: left;vertical-align: top;background: #eee;color: #000"><pre style="white-space: pre-wrap;">2021-11-28T23:42:59</pre></td>
</tr><tr style="padding: 4px;text-align: left;">
<th style="vertical-align: top;background: #ccc;color: #000" width="100">Channel:</th>
<td style="padding: 4px;text-align: left;vertical-align: top;background: #eee;color: #000"><pre style="white-space: pre-wrap;">security</pre></td>
</tr><tr style="padding: 4px;text-align: left;">
<th style="vertical-align: top;background: #ccc;color: #000" width="100">Context:</th>
<td style="padding: 4px;text-align: left;vertical-align: top;background: #eee;color: #000"><table cellspacing="1" width="100%" class="table"><tr style="padding: 4px;text-align: left;">
<th style="vertical-align: top;background: #ccc;color: #000" width="100">e-mail:</th>
<td style="padding: 4px;text-align: left;vertical-align: top;background: #eee;color: #000"><pre style="white-space: pre-wrap;">hff_@msn.com</pre></td>
</tr><tr style="padding: 4px;text-align: left;">
<th style="vertical-align: top;background: #ccc;color: #000" width="100">token:</th>
<td style="padding: 4px;text-align: left;vertical-align: top;background: #eee;color: #000"><pre style="white-space: pre-wrap;">2b076bf0-089a-45b6-89bd-72d0c73e73b771b1a18f421ead66a7368a30316673a7e079-831d-4c83-99d4-c9c2db20f2c3</pre></td>
</tr><tr style="padding: 4px;text-align: left;">
<th style="vertical-align: top;background: #ccc;color: #000" width="100">request:</th>
<td style="padding: 4px;text-align: left;vertical-align: top;background: #eee;color: #000"><pre style="white-space: pre-wrap;">&lt;?xml version="1.0" encoding="utf-8"?&gt;
&lt;payment&gt;&lt;mode&gt;default&lt;/mode&gt;&lt;method&gt;boleto&lt;/method&gt;&lt;sender&gt;&lt;name&gt;Harison Falcão&lt;/name&gt;&lt;email&gt;harison.fal@gmail.com&lt;/email&gt;&lt;hash&gt;630b8a9cf90bedc68c0486112c5922fa18c4b828d2554099a5c7811feb2b942c&lt;/hash&gt;&lt;phone&gt;&lt;areaCode&gt;49&lt;/areaCode&gt;&lt;number&gt;984341603&lt;/number&gt;&lt;/phone&gt;&lt;documents&gt;&lt;document&gt;&lt;type&gt;CPF&lt;/type&gt;&lt;value&gt;07388045929&lt;/value&gt;&lt;/document&gt;&lt;/documents&gt;&lt;/sender&gt;&lt;currency&gt;BRL&lt;/currency&gt;&lt;notificationURL&gt;http://www.easygrass.com.br/laessence/index.php?route=extension/payment/pagseguro/callback&amp;amp;order_id=10&amp;amp;token=7PVgwnxUMilxLm9ocAHCdZb4T5XX5rAl&lt;/notificationURL&gt;&lt;items&gt;&lt;item&gt;&lt;id&gt;ID43_K0&lt;/id&gt;&lt;description&gt;MacBook  ::  Product 16&lt;/description&gt;&lt;amount&gt;500.00&lt;/amount&gt;&lt;quantity&gt;1&lt;/quantity&gt;&lt;/item&gt;&lt;/items&gt;&lt;extraAmount&gt;0.00&lt;/extraAmount&gt;&lt;/payment&gt;
</pre></td>
</tr><tr style="padding: 4px;text-align: left;">
<th style="vertical-align: top;background: #ccc;color: #000" width="100">response:</th>
<td style="padding: 4px;text-align: left;vertical-align: top;background: #eee;color: #000"><pre style="white-space: pre-wrap;">&lt;?xml version="1.0" encoding="ISO-8859-1" standalone="yes"?&gt;&lt;errors&gt;&lt;error&gt;&lt;code&gt;53026&lt;/code&gt;&lt;message&gt;shipping address number is required.&lt;/message&gt;&lt;/error&gt;&lt;error&gt;&lt;code&gt;53022&lt;/code&gt;&lt;message&gt;shipping address postal code is required.&lt;/message&gt;&lt;/error&gt;&lt;error&gt;&lt;code&gt;53035&lt;/code&gt;&lt;message&gt;shipping address country is required.&lt;/message&gt;&lt;/error&gt;&lt;error&gt;&lt;code&gt;53024&lt;/code&gt;&lt;message&gt;shipping address street is required.&lt;/message&gt;&lt;/error&gt;&lt;error&gt;&lt;code&gt;53033&lt;/code&gt;&lt;message&gt;shipping address state is required.&lt;/message&gt;&lt;/error&gt;&lt;error&gt;&lt;code&gt;53029&lt;/code&gt;&lt;message&gt;shipping address district is required.&lt;/message&gt;&lt;/error&gt;&lt;error&gt;&lt;code&gt;53031&lt;/code&gt;&lt;message&gt;shipping address city is required.&lt;/message&gt;&lt;/error&gt;&lt;/errors&gt;</pre></td>
</tr></table></td>
</tr></table></div><div data-level="100"><h1 style="background: #CCCCCC;color: #ffffff;padding: 5px;" class="monolog-output">DEBUG</h1><table cellspacing="1" width="100%" class="monolog-output table"><tr style="padding: 4px;text-align: left;">
<th style="vertical-align: top;background: #ccc;color: #000" width="100">Message:</th>
<td style="padding: 4px;text-align: left;vertical-align: top;background: #eee;color: #000"><pre style="white-space: pre-wrap;">Gerando sessão para o usuário</pre></td>
</tr><tr style="padding: 4px;text-align: left;">
<th style="vertical-align: top;background: #ccc;color: #000" width="100">Time:</th>
<td style="padding: 4px;text-align: left;vertical-align: top;background: #eee;color: #000"><pre style="white-space: pre-wrap;">2021-11-28T23:44:41</pre></td>
</tr><tr style="padding: 4px;text-align: left;">
<th style="vertical-align: top;background: #ccc;color: #000" width="100">Channel:</th>
<td style="padding: 4px;text-align: left;vertical-align: top;background: #eee;color: #000"><pre style="white-space: pre-wrap;">security</pre></td>
</tr><tr style="padding: 4px;text-align: left;">
<th style="vertical-align: top;background: #ccc;color: #000" width="100">Context:</th>
<td style="padding: 4px;text-align: left;vertical-align: top;background: #eee;color: #000"><table cellspacing="1" width="100%" class="table"><tr style="padding: 4px;text-align: left;">
<th style="vertical-align: top;background: #ccc;color: #000" width="100">e-mail:</th>
<td style="padding: 4px;text-align: left;vertical-align: top;background: #eee;color: #000"><pre style="white-space: pre-wrap;">hff_@msn.com</pre></td>
</tr><tr style="padding: 4px;text-align: left;">
<th style="vertical-align: top;background: #ccc;color: #000" width="100">token:</th>
<td style="padding: 4px;text-align: left;vertical-align: top;background: #eee;color: #000"><pre style="white-space: pre-wrap;">2b076bf0-089a-45b6-89bd-72d0c73e73b771b1a18f421ead66a7368a30316673a7e079-831d-4c83-99d4-c9c2db20f2c3</pre></td>
</tr></table></td>
</tr></table></div><div data-level="100"><h1 style="background: #CCCCCC;color: #ffffff;padding: 5px;" class="monolog-output">DEBUG</h1><table cellspacing="1" width="100%" class="monolog-output table"><tr style="padding: 4px;text-align: left;">
<th style="vertical-align: top;background: #ccc;color: #000" width="100">Message:</th>
<td style="padding: 4px;text-align: left;vertical-align: top;background: #eee;color: #000"><pre style="white-space: pre-wrap;">Token gerado</pre></td>
</tr><tr style="padding: 4px;text-align: left;">
<th style="vertical-align: top;background: #ccc;color: #000" width="100">Time:</th>
<td style="padding: 4px;text-align: left;vertical-align: top;background: #eee;color: #000"><pre style="white-space: pre-wrap;">2021-11-28T23:44:42</pre></td>
</tr><tr style="padding: 4px;text-align: left;">
<th style="vertical-align: top;background: #ccc;color: #000" width="100">Channel:</th>
<td style="padding: 4px;text-align: left;vertical-align: top;background: #eee;color: #000"><pre style="white-space: pre-wrap;">security</pre></td>
</tr><tr style="padding: 4px;text-align: left;">
<th style="vertical-align: top;background: #ccc;color: #000" width="100">Context:</th>
<td style="padding: 4px;text-align: left;vertical-align: top;background: #eee;color: #000"><table cellspacing="1" width="100%" class="table"><tr style="padding: 4px;text-align: left;">
<th style="vertical-align: top;background: #ccc;color: #000" width="100">e-mail:</th>
<td style="padding: 4px;text-align: left;vertical-align: top;background: #eee;color: #000"><pre style="white-space: pre-wrap;">hff_@msn.com</pre></td>
</tr><tr style="padding: 4px;text-align: left;">
<th style="vertical-align: top;background: #ccc;color: #000" width="100">token:</th>
<td style="padding: 4px;text-align: left;vertical-align: top;background: #eee;color: #000"><pre style="white-space: pre-wrap;">2b076bf0-089a-45b6-89bd-72d0c73e73b771b1a18f421ead66a7368a30316673a7e079-831d-4c83-99d4-c9c2db20f2c3</pre></td>
</tr><tr style="padding: 4px;text-align: left;">
<th style="vertical-align: top;background: #ccc;color: #000" width="100">session:</th>
<td style="padding: 4px;text-align: left;vertical-align: top;background: #eee;color: #000"><pre style="white-space: pre-wrap;">140f045dc9aa4ee8a8e3d6647c9db866</pre></td>
</tr></table></td>
</tr></table></div><div data-level="200"><h1 style="background: #28A745;color: #ffffff;padding: 5px;" class="monolog-output">INFO</h1><table cellspacing="1" width="100%" class="monolog-output table"><tr style="padding: 4px;text-align: left;">
<th style="vertical-align: top;background: #ccc;color: #000" width="100">Message:</th>
<td style="padding: 4px;text-align: left;vertical-align: top;background: #eee;color: #000"><pre style="white-space: pre-wrap;">Realiza uma requisição de pagamento</pre></td>
</tr><tr style="padding: 4px;text-align: left;">
<th style="vertical-align: top;background: #ccc;color: #000" width="100">Time:</th>
<td style="padding: 4px;text-align: left;vertical-align: top;background: #eee;color: #000"><pre style="white-space: pre-wrap;">2021-11-28T23:44:47</pre></td>
</tr><tr style="padding: 4px;text-align: left;">
<th style="vertical-align: top;background: #ccc;color: #000" width="100">Channel:</th>
<td style="padding: 4px;text-align: left;vertical-align: top;background: #eee;color: #000"><pre style="white-space: pre-wrap;">security</pre></td>
</tr><tr style="padding: 4px;text-align: left;">
<th style="vertical-align: top;background: #ccc;color: #000" width="100">Context:</th>
<td style="padding: 4px;text-align: left;vertical-align: top;background: #eee;color: #000"><table cellspacing="1" width="100%" class="table"><tr style="padding: 4px;text-align: left;">
<th style="vertical-align: top;background: #ccc;color: #000" width="100">uid:</th>
<td style="padding: 4px;text-align: left;vertical-align: top;background: #eee;color: #000"><pre style="white-space: pre-wrap;">1638143087:61a4146f96be9</pre></td>
</tr><tr style="padding: 4px;text-align: left;">
<th style="vertical-align: top;background: #ccc;color: #000" width="100">e-mail:</th>
<td style="padding: 4px;text-align: left;vertical-align: top;background: #eee;color: #000"><pre style="white-space: pre-wrap;">hff_@msn.com</pre></td>
</tr><tr style="padding: 4px;text-align: left;">
<th style="vertical-align: top;background: #ccc;color: #000" width="100">token:</th>
<td style="padding: 4px;text-align: left;vertical-align: top;background: #eee;color: #000"><pre style="white-space: pre-wrap;">2b076bf0-089a-45b6-89bd-72d0c73e73b771b1a18f421ead66a7368a30316673a7e079-831d-4c83-99d4-c9c2db20f2c3</pre></td>
</tr><tr style="padding: 4px;text-align: left;">
<th style="vertical-align: top;background: #ccc;color: #000" width="100">type:</th>
<td style="padding: 4px;text-align: left;vertical-align: top;background: #eee;color: #000"><pre style="white-space: pre-wrap;">ValdeirPsr\PagSeguro\Request\Sale</pre></td>
</tr><tr style="padding: 4px;text-align: left;">
<th style="vertical-align: top;background: #ccc;color: #000" width="100">request:</th>
<td style="padding: 4px;text-align: left;vertical-align: top;background: #eee;color: #000"><pre style="white-space: pre-wrap;">&lt;?xml version="1.0" encoding="utf-8"?&gt;
&lt;payment&gt;&lt;mode&gt;default&lt;/mode&gt;&lt;method&gt;boleto&lt;/method&gt;&lt;sender&gt;&lt;name&gt;Harison Falcão&lt;/name&gt;&lt;email&gt;harison.fal@gmail.com&lt;/email&gt;&lt;hash&gt;630b8a9cf90bedc68c0486112c5922fa18c4b828d2554099a5c7811feb2b942c&lt;/hash&gt;&lt;phone&gt;&lt;areaCode&gt;49&lt;/areaCode&gt;&lt;number&gt;984341603&lt;/number&gt;&lt;/phone&gt;&lt;documents&gt;&lt;document&gt;&lt;type&gt;CPF&lt;/type&gt;&lt;value&gt;07388045929&lt;/value&gt;&lt;/document&gt;&lt;/documents&gt;&lt;/sender&gt;&lt;currency&gt;BRL&lt;/currency&gt;&lt;notificationURL&gt;http://www.easygrass.com.br/laessence/index.php?route=extension/payment/pagseguro/callback&amp;amp;order_id=11&amp;amp;token=7PVgwnxUMilxLm9ocAHCdZb4T5XX5rAl&lt;/notificationURL&gt;&lt;items&gt;&lt;item&gt;&lt;id&gt;ID43_K0&lt;/id&gt;&lt;description&gt;MacBook  ::  Product 16&lt;/description&gt;&lt;amount&gt;500.00&lt;/amount&gt;&lt;quantity&gt;1&lt;/quantity&gt;&lt;/item&gt;&lt;/items&gt;&lt;extraAmount&gt;0.00&lt;/extraAmount&gt;&lt;/payment&gt;
</pre></td>
</tr></table></td>
</tr></table></div><div data-level="300"><h1 style="background: #FFC107;color: #ffffff;padding: 5px;" class="monolog-output">WARNING</h1><table cellspacing="1" width="100%" class="monolog-output table"><tr style="padding: 4px;text-align: left;">
<th style="vertical-align: top;background: #ccc;color: #000" width="100">Message:</th>
<td style="padding: 4px;text-align: left;vertical-align: top;background: #eee;color: #000"><pre style="white-space: pre-wrap;">Erro ao realizar pagamento</pre></td>
</tr><tr style="padding: 4px;text-align: left;">
<th style="vertical-align: top;background: #ccc;color: #000" width="100">Time:</th>
<td style="padding: 4px;text-align: left;vertical-align: top;background: #eee;color: #000"><pre style="white-space: pre-wrap;">2021-11-28T23:44:47</pre></td>
</tr><tr style="padding: 4px;text-align: left;">
<th style="vertical-align: top;background: #ccc;color: #000" width="100">Channel:</th>
<td style="padding: 4px;text-align: left;vertical-align: top;background: #eee;color: #000"><pre style="white-space: pre-wrap;">security</pre></td>
</tr><tr style="padding: 4px;text-align: left;">
<th style="vertical-align: top;background: #ccc;color: #000" width="100">Context:</th>
<td style="padding: 4px;text-align: left;vertical-align: top;background: #eee;color: #000"><table cellspacing="1" width="100%" class="table"><tr style="padding: 4px;text-align: left;">
<th style="vertical-align: top;background: #ccc;color: #000" width="100">e-mail:</th>
<td style="padding: 4px;text-align: left;vertical-align: top;background: #eee;color: #000"><pre style="white-space: pre-wrap;">hff_@msn.com</pre></td>
</tr><tr style="padding: 4px;text-align: left;">
<th style="vertical-align: top;background: #ccc;color: #000" width="100">token:</th>
<td style="padding: 4px;text-align: left;vertical-align: top;background: #eee;color: #000"><pre style="white-space: pre-wrap;">2b076bf0-089a-45b6-89bd-72d0c73e73b771b1a18f421ead66a7368a30316673a7e079-831d-4c83-99d4-c9c2db20f2c3</pre></td>
</tr><tr style="padding: 4px;text-align: left;">
<th style="vertical-align: top;background: #ccc;color: #000" width="100">request:</th>
<td style="padding: 4px;text-align: left;vertical-align: top;background: #eee;color: #000"><pre style="white-space: pre-wrap;">&lt;?xml version="1.0" encoding="utf-8"?&gt;
&lt;payment&gt;&lt;mode&gt;default&lt;/mode&gt;&lt;method&gt;boleto&lt;/method&gt;&lt;sender&gt;&lt;name&gt;Harison Falcão&lt;/name&gt;&lt;email&gt;harison.fal@gmail.com&lt;/email&gt;&lt;hash&gt;630b8a9cf90bedc68c0486112c5922fa18c4b828d2554099a5c7811feb2b942c&lt;/hash&gt;&lt;phone&gt;&lt;areaCode&gt;49&lt;/areaCode&gt;&lt;number&gt;984341603&lt;/number&gt;&lt;/phone&gt;&lt;documents&gt;&lt;document&gt;&lt;type&gt;CPF&lt;/type&gt;&lt;value&gt;07388045929&lt;/value&gt;&lt;/document&gt;&lt;/documents&gt;&lt;/sender&gt;&lt;currency&gt;BRL&lt;/currency&gt;&lt;notificationURL&gt;http://www.easygrass.com.br/laessence/index.php?route=extension/payment/pagseguro/callback&amp;amp;order_id=11&amp;amp;token=7PVgwnxUMilxLm9ocAHCdZb4T5XX5rAl&lt;/notificationURL&gt;&lt;items&gt;&lt;item&gt;&lt;id&gt;ID43_K0&lt;/id&gt;&lt;description&gt;MacBook  ::  Product 16&lt;/description&gt;&lt;amount&gt;500.00&lt;/amount&gt;&lt;quantity&gt;1&lt;/quantity&gt;&lt;/item&gt;&lt;/items&gt;&lt;extraAmount&gt;0.00&lt;/extraAmount&gt;&lt;/payment&gt;
</pre></td>
</tr><tr style="padding: 4px;text-align: left;">
<th style="vertical-align: top;background: #ccc;color: #000" width="100">response:</th>
<td style="padding: 4px;text-align: left;vertical-align: top;background: #eee;color: #000"><pre style="white-space: pre-wrap;">&lt;?xml version="1.0" encoding="ISO-8859-1" standalone="yes"?&gt;&lt;errors&gt;&lt;error&gt;&lt;code&gt;53035&lt;/code&gt;&lt;message&gt;shipping address country is required.&lt;/message&gt;&lt;/error&gt;&lt;error&gt;&lt;code&gt;53024&lt;/code&gt;&lt;message&gt;shipping address street is required.&lt;/message&gt;&lt;/error&gt;&lt;error&gt;&lt;code&gt;53033&lt;/code&gt;&lt;message&gt;shipping address state is required.&lt;/message&gt;&lt;/error&gt;&lt;error&gt;&lt;code&gt;53022&lt;/code&gt;&lt;message&gt;shipping address postal code is required.&lt;/message&gt;&lt;/error&gt;&lt;error&gt;&lt;code&gt;53026&lt;/code&gt;&lt;message&gt;shipping address number is required.&lt;/message&gt;&lt;/error&gt;&lt;error&gt;&lt;code&gt;53031&lt;/code&gt;&lt;message&gt;shipping address city is required.&lt;/message&gt;&lt;/error&gt;&lt;error&gt;&lt;code&gt;53029&lt;/code&gt;&lt;message&gt;shipping address district is required.&lt;/message&gt;&lt;/error&gt;&lt;/errors&gt;</pre></td>
</tr></table></td>
</tr></table></div>